<?xml version="1.0" ?>
<testsuites disabled="0" errors="0" failures="1" tests="59" time="32.8321082592010498046875">
	<testsuite disabled="0" errors="0" failures="1" name="reports_gather-6d8f7z1p" skipped="10" tests="59" time="32.8321082592010498046875">
		<testcase classname="tests/integration/targets/reports_gather/tasks/main.yml:2" name="[ansible-2] reports: reports_gather : Debug msg=START network.reports gather operation integration tests on connection={{ ansible_connection }}" time="0.06141829490661621">
			<system-out>{
    &quot;changed&quot;: false,
    &quot;msg&quot;: &quot;START network.reports gather operation integration tests on connection=ansible.netcommon.network_cli&quot;
}</system-out>
		</testcase>
		<testcase classname="tests/integration/targets/reports_gather/tasks/main.yml:8" name="[ansible-2] reports: Run network.reports.gather role to collect interface information name=network.reports.gather" time="0.009443998336791992">
			<system-out>{
    &quot;changed&quot;: false,
    &quot;include_args&quot;: {
        &quot;name&quot;: &quot;network.reports.gather&quot;
    }
}</system-out>
		</testcase>
		<testcase classname="tests/integration/targets/reports_gather/tasks/main.yml:8" name="[include] reports: Run network.reports.gather role to collect interface information name=network.reports.gather" time="0.02249312400817871">
			<system-out>network.reports.gather (args={} vars={}): [ansible-2]</system-out>
		</testcase>
		<testcase classname="out-of-tree:main.yaml:2" name="[ansible-2] reports: network.reports.gather : Include validation tasks _raw_params=validation.yaml" time="0.010542154312133789">
			<system-out>{
    &quot;changed&quot;: false,
    &quot;include&quot;: &quot;validation.yaml&quot;,
    &quot;include_args&quot;: {}
}</system-out>
		</testcase>
		<testcase classname="out-of-tree:main.yaml:2" name="[include] reports: network.reports.gather : Include validation tasks _raw_params=validation.yaml" time="0.014348268508911133">
			<system-out>/home/aaanand/ansible-dev-workspace/collections/ansible_collections/network/reports/roles/gather/tasks/validation.yaml (args={} vars={}): [ansible-2]</system-out>
		</testcase>
		<testcase classname="out-of-tree:validation.yaml:2" name="[ansible-2] reports: network.reports.gather : Set supported platform list supported_platforms=['ios', 'junos', 'eos', 'nxos', 'iosxr', 'vyos']" time="0.06531381607055664">
			<system-out>{
    &quot;ansible_facts&quot;: {
        &quot;supported_platforms&quot;: [
            &quot;ios&quot;,
            &quot;junos&quot;,
            &quot;eos&quot;,
            &quot;nxos&quot;,
            &quot;iosxr&quot;,
            &quot;vyos&quot;
        ]
    },
    &quot;changed&quot;: false
}</system-out>
		</testcase>
		<testcase classname="out-of-tree:validation.yaml:12" name="[ansible-2] reports: network.reports.gather : Conditional test _raw_params=unsupported_platform.yaml" time="0.018634557723999023">
			<skipped>Conditional result was False</skipped>
		</testcase>
		<testcase classname="out-of-tree:main.yaml:5" name="[ansible-2] reports: network.reports.gather : Include network resource tasks _raw_params=network_resources.yaml" time="0.011977195739746094">
			<system-out>{
    &quot;changed&quot;: false,
    &quot;include&quot;: &quot;network_resources.yaml&quot;,
    &quot;include_args&quot;: {}
}</system-out>
		</testcase>
		<testcase classname="out-of-tree:main.yaml:5" name="[include] reports: network.reports.gather : Include network resource tasks _raw_params=network_resources.yaml" time="0.01587080955505371">
			<system-out>/home/aaanand/ansible-dev-workspace/collections/ansible_collections/network/reports/roles/gather/tasks/network_resources.yaml (args={} vars={}): [ansible-2]</system-out>
		</testcase>
		<testcase classname="out-of-tree:network_resources.yaml:3" name="[ansible-2] reports: network.reports.gather : Include gather tasks _raw_params=gather.yaml" time="0.010676145553588867">
			<system-out>{
    &quot;changed&quot;: false,
    &quot;include&quot;: &quot;gather.yaml&quot;,
    &quot;include_args&quot;: {}
}</system-out>
		</testcase>
		<testcase classname="out-of-tree:network_resources.yaml:3" name="[include] reports: network.reports.gather : Include gather tasks _raw_params=gather.yaml" time="0.021689176559448242">
			<system-out>/home/aaanand/ansible-dev-workspace/collections/ansible_collections/network/reports/roles/gather/tasks/gather.yaml (args={} vars={}): [ansible-2]</system-out>
		</testcase>
		<testcase classname="out-of-tree:gather.yaml:2" name="[ansible-2] reports: network.reports.gather : Gather the supported resource modules os_name={{ ansible_network_os }}" time="1.0737900733947754">
			<system-out>{
    &quot;ansible_connection&quot;: &quot;ansible.netcommon.network_cli&quot;,
    &quot;ansible_network_os&quot;: &quot;cisco.nxos.nxos&quot;,
    &quot;changed&quot;: false,
    &quot;modules&quot;: [
        &quot;acl_interfaces&quot;,
        &quot;acls&quot;,
        &quot;bfd_interfaces&quot;,
        &quot;bgp_address_family&quot;,
        &quot;bgp_global&quot;,
        &quot;bgp_neighbor_address_family&quot;,
        &quot;bgp_templates&quot;,
        &quot;fc_interfaces&quot;,
        &quot;hostname&quot;,
        &quot;hsrp_interfaces&quot;,
        &quot;interfaces&quot;,
        &quot;l2_interfaces&quot;,
        &quot;l3_interfaces&quot;,
        &quot;lacp&quot;,
        &quot;lacp_interfaces&quot;,
        &quot;lag_interfaces&quot;,
        &quot;lldp_global&quot;,
        &quot;lldp_interfaces&quot;,
        &quot;logging_global&quot;,
        &quot;ntp_global&quot;,
        &quot;ospf_interfaces&quot;,
        &quot;ospfv2&quot;,
        &quot;ospfv3&quot;,
        &quot;prefix_lists&quot;,
        &quot;route_maps&quot;,
        &quot;snmp_server&quot;,
        &quot;static_routes&quot;,
        &quot;telemetry&quot;,
        &quot;vlans&quot;,
        &quot;vrf_address_family&quot;,
        &quot;vrf_global&quot;,
        &quot;vrf_interfaces&quot;
    ]
}</system-out>
		</testcase>
		<testcase classname="out-of-tree:gather.yaml:7" name="[ansible-2] reports: network.reports.gather : Set Resources gather_resources={{ gather_network_resources_list['modules'] }}" time="0.06576681137084961">
			<system-out>{
    &quot;ansible_facts&quot;: {
        &quot;gather_resources&quot;: [
            &quot;acl_interfaces&quot;,
            &quot;acls&quot;,
            &quot;bfd_interfaces&quot;,
            &quot;bgp_address_family&quot;,
            &quot;bgp_global&quot;,
            &quot;bgp_neighbor_address_family&quot;,
            &quot;bgp_templates&quot;,
            &quot;fc_interfaces&quot;,
            &quot;hostname&quot;,
            &quot;hsrp_interfaces&quot;,
            &quot;interfaces&quot;,
            &quot;l2_interfaces&quot;,
            &quot;l3_interfaces&quot;,
            &quot;lacp&quot;,
            &quot;lacp_interfaces&quot;,
            &quot;lag_interfaces&quot;,
            &quot;lldp_global&quot;,
            &quot;lldp_interfaces&quot;,
            &quot;logging_global&quot;,
            &quot;ntp_global&quot;,
            &quot;ospf_interfaces&quot;,
            &quot;ospfv2&quot;,
            &quot;ospfv3&quot;,
            &quot;prefix_lists&quot;,
            &quot;route_maps&quot;,
            &quot;snmp_server&quot;,
            &quot;static_routes&quot;,
            &quot;telemetry&quot;,
            &quot;vlans&quot;,
            &quot;vrf_address_family&quot;,
            &quot;vrf_global&quot;,
            &quot;vrf_interfaces&quot;
        ]
    },
    &quot;changed&quot;: false
}</system-out>
		</testcase>
		<testcase classname="out-of-tree:gather.yaml:12" name="[ansible-2] reports: network.reports.gather : Set network resources when resources is not defined gather_network_resources={'actionable': '{{ gather_resources }}', 'unsupported': []}" time="0.018909692764282227">
			<skipped>Conditional result was False</skipped>
		</testcase>
		<testcase classname="out-of-tree:gather.yaml:19" name="[ansible-2] reports: network.reports.gather : Set network resources gather_network_resources={{ gather_network_resources_list['modules'] | ansible.utils.param_list_compare(resources) }}" time="0.09442925453186035">
			<system-out>{
    &quot;ansible_facts&quot;: {
        &quot;gather_network_resources&quot;: {
            &quot;actionable&quot;: [
                &quot;bgp_address_family&quot;,
                &quot;bgp_global&quot;,
                &quot;ospf_interfaces&quot;,
                &quot;ospfv2&quot;
            ],
            &quot;unsupported&quot;: []
        }
    },
    &quot;changed&quot;: false
}</system-out>
		</testcase>
		<testcase classname="out-of-tree:gather.yaml:24" name="[ansible-2] reports: network.reports.gather : Initialize all_gathered_resources as an empty dictionary all_gathered_resources={}" time="0.05797982215881348">
			<system-out>{
    &quot;ansible_facts&quot;: {
        &quot;all_gathered_resources&quot;: {}
    },
    &quot;changed&quot;: false
}</system-out>
		</testcase>
		<testcase classname="out-of-tree:gather.yaml:28" name="[ansible-2] reports: network.reports.gather : Include build tasks _raw_params=facts.yaml" time="0.019382953643798828">
			<system-out>{
    &quot;changed&quot;: false,
    &quot;msg&quot;: &quot;All items completed&quot;,
    &quot;results&quot;: [
        {
            &quot;ansible_loop_var&quot;: &quot;res&quot;,
            &quot;include&quot;: &quot;facts.yaml&quot;,
            &quot;include_args&quot;: {},
            &quot;res&quot;: &quot;bgp_address_family&quot;
        },
        {
            &quot;ansible_loop_var&quot;: &quot;res&quot;,
            &quot;include&quot;: &quot;facts.yaml&quot;,
            &quot;include_args&quot;: {},
            &quot;res&quot;: &quot;bgp_global&quot;
        },
        {
            &quot;ansible_loop_var&quot;: &quot;res&quot;,
            &quot;include&quot;: &quot;facts.yaml&quot;,
            &quot;include_args&quot;: {},
            &quot;res&quot;: &quot;ospf_interfaces&quot;
        },
        {
            &quot;ansible_loop_var&quot;: &quot;res&quot;,
            &quot;include&quot;: &quot;facts.yaml&quot;,
            &quot;include_args&quot;: {},
            &quot;res&quot;: &quot;ospfv2&quot;
        }
    ]
}</system-out>
		</testcase>
		<testcase classname="out-of-tree:gather.yaml:28" name="[include] reports: network.reports.gather : Include build tasks _raw_params=facts.yaml" time="0.03162717819213867">
			<system-out>/home/aaanand/ansible-dev-workspace/collections/ansible_collections/network/reports/roles/gather/tasks/facts.yaml (args={} vars={'res': 'bgp_address_family', 'ansible_loop_var': 'res', '_ansible_item_label': 'bgp_address_family'}): [ansible-2]
/home/aaanand/ansible-dev-workspace/collections/ansible_collections/network/reports/roles/gather/tasks/facts.yaml (args={} vars={'res': 'bgp_global', 'ansible_loop_var': 'res', '_ansible_item_label': 'bgp_global'}): [ansible-2]
/home/aaanand/ansible-dev-workspace/collections/ansible_collections/network/reports/roles/gather/tasks/facts.yaml (args={} vars={'res': 'ospf_interfaces', 'ansible_loop_var': 'res', '_ansible_item_label': 'ospf_interfaces'}): [ansible-2]
/home/aaanand/ansible-dev-workspace/collections/ansible_collections/network/reports/roles/gather/tasks/facts.yaml (args={} vars={'res': 'ospfv2', 'ansible_loop_var': 'res', '_ansible_item_label': 'ospfv2'}): [ansible-2]</system-out>
		</testcase>
		<testcase classname="out-of-tree:facts.yaml:2" name="[ansible-2] reports: network.reports.gather : Run the platform facts module os_name={{ ansible_network_os }}, name={{ ansible_network_os }}_{{ res }}, state=gathered" time="19.715662479400635">
			<system-out>{
    &quot;ansible_connection&quot;: &quot;ansible.netcommon.network_cli&quot;,
    &quot;ansible_network_os&quot;: &quot;cisco.nxos.nxos&quot;,
    &quot;changed&quot;: false,
    &quot;gathered&quot;: {
        &quot;address_family&quot;: [
            {
                &quot;afi&quot;: &quot;ipv4&quot;,
                &quot;networks&quot;: [
                    {
                        &quot;prefix&quot;: &quot;10.0.0.0/24&quot;
                    },
                    {
                        &quot;prefix&quot;: &quot;172.16.0.0/16&quot;
                    }
                ],
                &quot;safi&quot;: &quot;unicast&quot;
            },
            {
                &quot;afi&quot;: &quot;ipv6&quot;,
                &quot;networks&quot;: [
                    {
                        &quot;prefix&quot;: &quot;2001:db8::/32&quot;
                    },
                    {
                        &quot;prefix&quot;: &quot;2001:db8:abcd::/48&quot;
                    }
                ],
                &quot;safi&quot;: &quot;unicast&quot;
            }
        ],
        &quot;as_number&quot;: &quot;65001&quot;
    },
    &quot;invocation&quot;: {
        &quot;module_args&quot;: {
            &quot;config&quot;: null,
            &quot;running_config&quot;: null,
            &quot;state&quot;: &quot;gathered&quot;
        }
    },
    &quot;resource_module_name&quot;: &quot;cisco.nxos.nxos_bgp_address_family&quot;
}</system-out>
		</testcase>
		<testcase classname="out-of-tree:facts.yaml:9" name="[ansible-2] reports: network.reports.gather : Append resource facts to a global dictionary all_gathered_resources={{ all_gathered_resources | default({}) | combine({ res: gather_result.gathered }) }}" time="0.14154672622680664">
			<system-out>{
    &quot;ansible_facts&quot;: {
        &quot;all_gathered_resources&quot;: {
            &quot;bgp_address_family&quot;: {
                &quot;address_family&quot;: [
                    {
                        &quot;afi&quot;: &quot;ipv4&quot;,
                        &quot;networks&quot;: [
                            {
                                &quot;prefix&quot;: &quot;10.0.0.0/24&quot;
                            },
                            {
                                &quot;prefix&quot;: &quot;172.16.0.0/16&quot;
                            }
                        ],
                        &quot;safi&quot;: &quot;unicast&quot;
                    },
                    {
                        &quot;afi&quot;: &quot;ipv6&quot;,
                        &quot;networks&quot;: [
                            {
                                &quot;prefix&quot;: &quot;2001:db8::/32&quot;
                            },
                            {
                                &quot;prefix&quot;: &quot;2001:db8:abcd::/48&quot;
                            }
                        ],
                        &quot;safi&quot;: &quot;unicast&quot;
                    }
                ],
                &quot;as_number&quot;: &quot;65001&quot;
            }
        }
    },
    &quot;changed&quot;: false
}</system-out>
		</testcase>
		<testcase classname="out-of-tree:facts.yaml:14" name="[ansible-2] reports: network.reports.gather : Display resource facts msg={{ gather_result }}" time="0.12931585311889648">
			<system-out>{
    &quot;changed&quot;: false,
    &quot;msg&quot;: {
        &quot;ansible_connection&quot;: &quot;ansible.netcommon.network_cli&quot;,
        &quot;ansible_network_os&quot;: &quot;cisco.nxos.nxos&quot;,
        &quot;changed&quot;: false,
        &quot;failed&quot;: false,
        &quot;gathered&quot;: {
            &quot;address_family&quot;: [
                {
                    &quot;afi&quot;: &quot;ipv4&quot;,
                    &quot;networks&quot;: [
                        {
                            &quot;prefix&quot;: &quot;10.0.0.0/24&quot;
                        },
                        {
                            &quot;prefix&quot;: &quot;172.16.0.0/16&quot;
                        }
                    ],
                    &quot;safi&quot;: &quot;unicast&quot;
                },
                {
                    &quot;afi&quot;: &quot;ipv6&quot;,
                    &quot;networks&quot;: [
                        {
                            &quot;prefix&quot;: &quot;2001:db8::/32&quot;
                        },
                        {
                            &quot;prefix&quot;: &quot;2001:db8:abcd::/48&quot;
                        }
                    ],
                    &quot;safi&quot;: &quot;unicast&quot;
                }
            ],
            &quot;as_number&quot;: &quot;65001&quot;
        },
        &quot;resource_module_name&quot;: &quot;cisco.nxos.nxos_bgp_address_family&quot;
    }
}</system-out>
		</testcase>
		<testcase classname="out-of-tree:facts.yaml:2" name="[ansible-2] reports: network.reports.gather : Run the platform facts module os_name={{ ansible_network_os }}, name={{ ansible_network_os }}_{{ res }}, state=gathered" time="1.5210061073303223">
			<system-out>{
    &quot;ansible_connection&quot;: &quot;ansible.netcommon.network_cli&quot;,
    &quot;ansible_network_os&quot;: &quot;cisco.nxos.nxos&quot;,
    &quot;changed&quot;: false,
    &quot;gathered&quot;: {
        &quot;as_number&quot;: &quot;65001&quot;,
        &quot;neighbors&quot;: [
            {
                &quot;neighbor_address&quot;: &quot;192.168.1.2&quot;,
                &quot;remote_as&quot;: &quot;65002&quot;,
                &quot;update_source&quot;: &quot;loopback0&quot;
            },
            {
                &quot;neighbor_address&quot;: &quot;192.168.2.1&quot;,
                &quot;remote_as&quot;: &quot;65002&quot;
            },
            {
                &quot;neighbor_address&quot;: &quot;2001:db8::2&quot;,
                &quot;remote_as&quot;: &quot;65003&quot;
            }
        ],
        &quot;router_id&quot;: &quot;1.1.1.1&quot;,
        &quot;timers&quot;: {
            &quot;bgp&quot;: {
                &quot;holdtime&quot;: 90,
                &quot;keepalive&quot;: 30
            }
        }
    },
    &quot;invocation&quot;: {
        &quot;module_args&quot;: {
            &quot;config&quot;: null,
            &quot;running_config&quot;: null,
            &quot;state&quot;: &quot;gathered&quot;
        }
    },
    &quot;resource_module_name&quot;: &quot;cisco.nxos.nxos_bgp_global&quot;
}</system-out>
		</testcase>
		<testcase classname="out-of-tree:facts.yaml:9" name="[ansible-2] reports: network.reports.gather : Append resource facts to a global dictionary all_gathered_resources={{ all_gathered_resources | default({}) | combine({ res: gather_result.gathered }) }}" time="0.07143354415893555">
			<system-out>{
    &quot;ansible_facts&quot;: {
        &quot;all_gathered_resources&quot;: {
            &quot;bgp_address_family&quot;: {
                &quot;address_family&quot;: [
                    {
                        &quot;afi&quot;: &quot;ipv4&quot;,
                        &quot;networks&quot;: [
                            {
                                &quot;prefix&quot;: &quot;10.0.0.0/24&quot;
                            },
                            {
                                &quot;prefix&quot;: &quot;172.16.0.0/16&quot;
                            }
                        ],
                        &quot;safi&quot;: &quot;unicast&quot;
                    },
                    {
                        &quot;afi&quot;: &quot;ipv6&quot;,
                        &quot;networks&quot;: [
                            {
                                &quot;prefix&quot;: &quot;2001:db8::/32&quot;
                            },
                            {
                                &quot;prefix&quot;: &quot;2001:db8:abcd::/48&quot;
                            }
                        ],
                        &quot;safi&quot;: &quot;unicast&quot;
                    }
                ],
                &quot;as_number&quot;: &quot;65001&quot;
            },
            &quot;bgp_global&quot;: {
                &quot;as_number&quot;: &quot;65001&quot;,
                &quot;neighbors&quot;: [
                    {
                        &quot;neighbor_address&quot;: &quot;192.168.1.2&quot;,
                        &quot;remote_as&quot;: &quot;65002&quot;,
                        &quot;update_source&quot;: &quot;loopback0&quot;
                    },
                    {
                        &quot;neighbor_address&quot;: &quot;192.168.2.1&quot;,
                        &quot;remote_as&quot;: &quot;65002&quot;
                    },
                    {
                        &quot;neighbor_address&quot;: &quot;2001:db8::2&quot;,
                        &quot;remote_as&quot;: &quot;65003&quot;
                    }
                ],
                &quot;router_id&quot;: &quot;1.1.1.1&quot;,
                &quot;timers&quot;: {
                    &quot;bgp&quot;: {
                        &quot;holdtime&quot;: 90,
                        &quot;keepalive&quot;: 30
                    }
                }
            }
        }
    },
    &quot;changed&quot;: false
}</system-out>
		</testcase>
		<testcase classname="out-of-tree:facts.yaml:14" name="[ansible-2] reports: network.reports.gather : Display resource facts msg={{ gather_result }}" time="0.06037449836730957">
			<system-out>{
    &quot;changed&quot;: false,
    &quot;msg&quot;: {
        &quot;ansible_connection&quot;: &quot;ansible.netcommon.network_cli&quot;,
        &quot;ansible_network_os&quot;: &quot;cisco.nxos.nxos&quot;,
        &quot;changed&quot;: false,
        &quot;failed&quot;: false,
        &quot;gathered&quot;: {
            &quot;as_number&quot;: &quot;65001&quot;,
            &quot;neighbors&quot;: [
                {
                    &quot;neighbor_address&quot;: &quot;192.168.1.2&quot;,
                    &quot;remote_as&quot;: &quot;65002&quot;,
                    &quot;update_source&quot;: &quot;loopback0&quot;
                },
                {
                    &quot;neighbor_address&quot;: &quot;192.168.2.1&quot;,
                    &quot;remote_as&quot;: &quot;65002&quot;
                },
                {
                    &quot;neighbor_address&quot;: &quot;2001:db8::2&quot;,
                    &quot;remote_as&quot;: &quot;65003&quot;
                }
            ],
            &quot;router_id&quot;: &quot;1.1.1.1&quot;,
            &quot;timers&quot;: {
                &quot;bgp&quot;: {
                    &quot;holdtime&quot;: 90,
                    &quot;keepalive&quot;: 30
                }
            }
        },
        &quot;resource_module_name&quot;: &quot;cisco.nxos.nxos_bgp_global&quot;
    }
}</system-out>
		</testcase>
		<testcase classname="out-of-tree:facts.yaml:2" name="[ansible-2] reports: network.reports.gather : Run the platform facts module os_name={{ ansible_network_os }}, name={{ ansible_network_os }}_{{ res }}, state=gathered" time="1.3234531879425049">
			<system-out>{
    &quot;ansible_connection&quot;: &quot;ansible.netcommon.network_cli&quot;,
    &quot;ansible_network_os&quot;: &quot;cisco.nxos.nxos&quot;,
    &quot;changed&quot;: false,
    &quot;gathered&quot;: [
        {
            &quot;name&quot;: &quot;Ethernet1/1&quot;
        },
        {
            &quot;name&quot;: &quot;Ethernet1/2&quot;
        },
        {
            &quot;name&quot;: &quot;Ethernet1/3&quot;
        },
        {
            &quot;name&quot;: &quot;Ethernet1/4&quot;
        },
        {
            &quot;name&quot;: &quot;Ethernet1/5&quot;
        },
        {
            &quot;name&quot;: &quot;Ethernet1/6&quot;
        },
        {
            &quot;name&quot;: &quot;Ethernet1/7&quot;
        },
        {
            &quot;name&quot;: &quot;Ethernet1/8&quot;
        },
        {
            &quot;name&quot;: &quot;Ethernet1/9&quot;
        },
        {
            &quot;name&quot;: &quot;Ethernet1/10&quot;
        },
        {
            &quot;name&quot;: &quot;Ethernet1/11&quot;
        },
        {
            &quot;name&quot;: &quot;Ethernet1/12&quot;
        },
        {
            &quot;name&quot;: &quot;Ethernet1/13&quot;
        },
        {
            &quot;name&quot;: &quot;Ethernet1/14&quot;
        },
        {
            &quot;name&quot;: &quot;Ethernet1/15&quot;
        },
        {
            &quot;name&quot;: &quot;Ethernet1/16&quot;
        },
        {
            &quot;name&quot;: &quot;Ethernet1/17&quot;
        },
        {
            &quot;name&quot;: &quot;Ethernet1/18&quot;
        },
        {
            &quot;name&quot;: &quot;Ethernet1/19&quot;
        },
        {
            &quot;name&quot;: &quot;Ethernet1/20&quot;
        },
        {
            &quot;name&quot;: &quot;Ethernet1/21&quot;
        },
        {
            &quot;name&quot;: &quot;Ethernet1/22&quot;
        },
        {
            &quot;name&quot;: &quot;Ethernet1/23&quot;
        },
        {
            &quot;name&quot;: &quot;Ethernet1/24&quot;
        },
        {
            &quot;name&quot;: &quot;Ethernet1/25&quot;
        },
        {
            &quot;name&quot;: &quot;Ethernet1/26&quot;
        },
        {
            &quot;name&quot;: &quot;Ethernet1/27&quot;
        },
        {
            &quot;name&quot;: &quot;Ethernet1/28&quot;
        },
        {
            &quot;name&quot;: &quot;Ethernet1/29&quot;
        },
        {
            &quot;name&quot;: &quot;Ethernet1/30&quot;
        },
        {
            &quot;name&quot;: &quot;Ethernet1/31&quot;
        },
        {
            &quot;name&quot;: &quot;Ethernet1/32&quot;
        },
        {
            &quot;name&quot;: &quot;Ethernet1/33&quot;
        },
        {
            &quot;name&quot;: &quot;Ethernet1/34&quot;
        },
        {
            &quot;name&quot;: &quot;Ethernet1/35&quot;
        },
        {
            &quot;name&quot;: &quot;Ethernet1/36&quot;
        },
        {
            &quot;name&quot;: &quot;Ethernet1/37&quot;
        },
        {
            &quot;name&quot;: &quot;Ethernet1/38&quot;
        },
        {
            &quot;name&quot;: &quot;Ethernet1/39&quot;
        },
        {
            &quot;name&quot;: &quot;Ethernet1/40&quot;
        },
        {
            &quot;name&quot;: &quot;Ethernet1/41&quot;
        },
        {
            &quot;name&quot;: &quot;Ethernet1/42&quot;
        },
        {
            &quot;name&quot;: &quot;Ethernet1/43&quot;
        },
        {
            &quot;name&quot;: &quot;Ethernet1/44&quot;
        },
        {
            &quot;name&quot;: &quot;Ethernet1/45&quot;
        },
        {
            &quot;name&quot;: &quot;Ethernet1/46&quot;
        },
        {
            &quot;name&quot;: &quot;Ethernet1/47&quot;
        },
        {
            &quot;name&quot;: &quot;Ethernet1/48&quot;
        },
        {
            &quot;name&quot;: &quot;Ethernet1/49&quot;
        },
        {
            &quot;name&quot;: &quot;Ethernet1/50&quot;
        },
        {
            &quot;name&quot;: &quot;Ethernet1/51&quot;
        },
        {
            &quot;name&quot;: &quot;Ethernet1/52&quot;
        },
        {
            &quot;name&quot;: &quot;Ethernet1/53&quot;
        },
        {
            &quot;name&quot;: &quot;Ethernet1/54&quot;
        },
        {
            &quot;name&quot;: &quot;Ethernet1/55&quot;
        },
        {
            &quot;name&quot;: &quot;Ethernet1/56&quot;
        },
        {
            &quot;name&quot;: &quot;Ethernet1/57&quot;
        },
        {
            &quot;name&quot;: &quot;Ethernet1/58&quot;
        },
        {
            &quot;name&quot;: &quot;Ethernet1/59&quot;
        },
        {
            &quot;name&quot;: &quot;Ethernet1/60&quot;
        },
        {
            &quot;name&quot;: &quot;Ethernet1/61&quot;
        },
        {
            &quot;name&quot;: &quot;Ethernet1/62&quot;
        },
        {
            &quot;name&quot;: &quot;Ethernet1/63&quot;
        },
        {
            &quot;name&quot;: &quot;Ethernet1/64&quot;
        },
        {
            &quot;name&quot;: &quot;Tunnel1&quot;
        },
        {
            &quot;name&quot;: &quot;Vlan1&quot;
        },
        {
            &quot;address_family&quot;: [
                {
                    &quot;afi&quot;: &quot;ipv4&quot;,
                    &quot;processes&quot;: [
                        {
                            &quot;area&quot;: {
                                &quot;area_id&quot;: &quot;0.0.0.0&quot;
                            },
                            &quot;process_id&quot;: &quot;10&quot;
                        }
                    ]
                }
            ],
            &quot;name&quot;: &quot;Vlan10&quot;
        },
        {
            &quot;name&quot;: &quot;mgmt0&quot;
        },
        {
            &quot;name&quot;: &quot;port-channel1&quot;
        },
        {
            &quot;name&quot;: &quot;port-channel10&quot;
        },
        {
            &quot;name&quot;: &quot;port-channel111&quot;
        }
    ],
    &quot;invocation&quot;: {
        &quot;module_args&quot;: {
            &quot;config&quot;: null,
            &quot;running_config&quot;: null,
            &quot;state&quot;: &quot;gathered&quot;
        }
    },
    &quot;resource_module_name&quot;: &quot;cisco.nxos.nxos_ospf_interfaces&quot;
}</system-out>
		</testcase>
		<testcase classname="out-of-tree:facts.yaml:9" name="[ansible-2] reports: network.reports.gather : Append resource facts to a global dictionary all_gathered_resources={{ all_gathered_resources | default({}) | combine({ res: gather_result.gathered }) }}" time="0.07017350196838379">
			<system-out>{
    &quot;ansible_facts&quot;: {
        &quot;all_gathered_resources&quot;: {
            &quot;bgp_address_family&quot;: {
                &quot;address_family&quot;: [
                    {
                        &quot;afi&quot;: &quot;ipv4&quot;,
                        &quot;networks&quot;: [
                            {
                                &quot;prefix&quot;: &quot;10.0.0.0/24&quot;
                            },
                            {
                                &quot;prefix&quot;: &quot;172.16.0.0/16&quot;
                            }
                        ],
                        &quot;safi&quot;: &quot;unicast&quot;
                    },
                    {
                        &quot;afi&quot;: &quot;ipv6&quot;,
                        &quot;networks&quot;: [
                            {
                                &quot;prefix&quot;: &quot;2001:db8::/32&quot;
                            },
                            {
                                &quot;prefix&quot;: &quot;2001:db8:abcd::/48&quot;
                            }
                        ],
                        &quot;safi&quot;: &quot;unicast&quot;
                    }
                ],
                &quot;as_number&quot;: &quot;65001&quot;
            },
            &quot;bgp_global&quot;: {
                &quot;as_number&quot;: &quot;65001&quot;,
                &quot;neighbors&quot;: [
                    {
                        &quot;neighbor_address&quot;: &quot;192.168.1.2&quot;,
                        &quot;remote_as&quot;: &quot;65002&quot;,
                        &quot;update_source&quot;: &quot;loopback0&quot;
                    },
                    {
                        &quot;neighbor_address&quot;: &quot;192.168.2.1&quot;,
                        &quot;remote_as&quot;: &quot;65002&quot;
                    },
                    {
                        &quot;neighbor_address&quot;: &quot;2001:db8::2&quot;,
                        &quot;remote_as&quot;: &quot;65003&quot;
                    }
                ],
                &quot;router_id&quot;: &quot;1.1.1.1&quot;,
                &quot;timers&quot;: {
                    &quot;bgp&quot;: {
                        &quot;holdtime&quot;: 90,
                        &quot;keepalive&quot;: 30
                    }
                }
            },
            &quot;ospf_interfaces&quot;: [
                {
                    &quot;name&quot;: &quot;Ethernet1/1&quot;
                },
                {
                    &quot;name&quot;: &quot;Ethernet1/2&quot;
                },
                {
                    &quot;name&quot;: &quot;Ethernet1/3&quot;
                },
                {
                    &quot;name&quot;: &quot;Ethernet1/4&quot;
                },
                {
                    &quot;name&quot;: &quot;Ethernet1/5&quot;
                },
                {
                    &quot;name&quot;: &quot;Ethernet1/6&quot;
                },
                {
                    &quot;name&quot;: &quot;Ethernet1/7&quot;
                },
                {
                    &quot;name&quot;: &quot;Ethernet1/8&quot;
                },
                {
                    &quot;name&quot;: &quot;Ethernet1/9&quot;
                },
                {
                    &quot;name&quot;: &quot;Ethernet1/10&quot;
                },
                {
                    &quot;name&quot;: &quot;Ethernet1/11&quot;
                },
                {
                    &quot;name&quot;: &quot;Ethernet1/12&quot;
                },
                {
                    &quot;name&quot;: &quot;Ethernet1/13&quot;
                },
                {
                    &quot;name&quot;: &quot;Ethernet1/14&quot;
                },
                {
                    &quot;name&quot;: &quot;Ethernet1/15&quot;
                },
                {
                    &quot;name&quot;: &quot;Ethernet1/16&quot;
                },
                {
                    &quot;name&quot;: &quot;Ethernet1/17&quot;
                },
                {
                    &quot;name&quot;: &quot;Ethernet1/18&quot;
                },
                {
                    &quot;name&quot;: &quot;Ethernet1/19&quot;
                },
                {
                    &quot;name&quot;: &quot;Ethernet1/20&quot;
                },
                {
                    &quot;name&quot;: &quot;Ethernet1/21&quot;
                },
                {
                    &quot;name&quot;: &quot;Ethernet1/22&quot;
                },
                {
                    &quot;name&quot;: &quot;Ethernet1/23&quot;
                },
                {
                    &quot;name&quot;: &quot;Ethernet1/24&quot;
                },
                {
                    &quot;name&quot;: &quot;Ethernet1/25&quot;
                },
                {
                    &quot;name&quot;: &quot;Ethernet1/26&quot;
                },
                {
                    &quot;name&quot;: &quot;Ethernet1/27&quot;
                },
                {
                    &quot;name&quot;: &quot;Ethernet1/28&quot;
                },
                {
                    &quot;name&quot;: &quot;Ethernet1/29&quot;
                },
                {
                    &quot;name&quot;: &quot;Ethernet1/30&quot;
                },
                {
                    &quot;name&quot;: &quot;Ethernet1/31&quot;
                },
                {
                    &quot;name&quot;: &quot;Ethernet1/32&quot;
                },
                {
                    &quot;name&quot;: &quot;Ethernet1/33&quot;
                },
                {
                    &quot;name&quot;: &quot;Ethernet1/34&quot;
                },
                {
                    &quot;name&quot;: &quot;Ethernet1/35&quot;
                },
                {
                    &quot;name&quot;: &quot;Ethernet1/36&quot;
                },
                {
                    &quot;name&quot;: &quot;Ethernet1/37&quot;
                },
                {
                    &quot;name&quot;: &quot;Ethernet1/38&quot;
                },
                {
                    &quot;name&quot;: &quot;Ethernet1/39&quot;
                },
                {
                    &quot;name&quot;: &quot;Ethernet1/40&quot;
                },
                {
                    &quot;name&quot;: &quot;Ethernet1/41&quot;
                },
                {
                    &quot;name&quot;: &quot;Ethernet1/42&quot;
                },
                {
                    &quot;name&quot;: &quot;Ethernet1/43&quot;
                },
                {
                    &quot;name&quot;: &quot;Ethernet1/44&quot;
                },
                {
                    &quot;name&quot;: &quot;Ethernet1/45&quot;
                },
                {
                    &quot;name&quot;: &quot;Ethernet1/46&quot;
                },
                {
                    &quot;name&quot;: &quot;Ethernet1/47&quot;
                },
                {
                    &quot;name&quot;: &quot;Ethernet1/48&quot;
                },
                {
                    &quot;name&quot;: &quot;Ethernet1/49&quot;
                },
                {
                    &quot;name&quot;: &quot;Ethernet1/50&quot;
                },
                {
                    &quot;name&quot;: &quot;Ethernet1/51&quot;
                },
                {
                    &quot;name&quot;: &quot;Ethernet1/52&quot;
                },
                {
                    &quot;name&quot;: &quot;Ethernet1/53&quot;
                },
                {
                    &quot;name&quot;: &quot;Ethernet1/54&quot;
                },
                {
                    &quot;name&quot;: &quot;Ethernet1/55&quot;
                },
                {
                    &quot;name&quot;: &quot;Ethernet1/56&quot;
                },
                {
                    &quot;name&quot;: &quot;Ethernet1/57&quot;
                },
                {
                    &quot;name&quot;: &quot;Ethernet1/58&quot;
                },
                {
                    &quot;name&quot;: &quot;Ethernet1/59&quot;
                },
                {
                    &quot;name&quot;: &quot;Ethernet1/60&quot;
                },
                {
                    &quot;name&quot;: &quot;Ethernet1/61&quot;
                },
                {
                    &quot;name&quot;: &quot;Ethernet1/62&quot;
                },
                {
                    &quot;name&quot;: &quot;Ethernet1/63&quot;
                },
                {
                    &quot;name&quot;: &quot;Ethernet1/64&quot;
                },
                {
                    &quot;name&quot;: &quot;Tunnel1&quot;
                },
                {
                    &quot;name&quot;: &quot;Vlan1&quot;
                },
                {
                    &quot;address_family&quot;: [
                        {
                            &quot;afi&quot;: &quot;ipv4&quot;,
                            &quot;processes&quot;: [
                                {
                                    &quot;area&quot;: {
                                        &quot;area_id&quot;: &quot;0.0.0.0&quot;
                                    },
                                    &quot;process_id&quot;: &quot;10&quot;
                                }
                            ]
                        }
                    ],
                    &quot;name&quot;: &quot;Vlan10&quot;
                },
                {
                    &quot;name&quot;: &quot;mgmt0&quot;
                },
                {
                    &quot;name&quot;: &quot;port-channel1&quot;
                },
                {
                    &quot;name&quot;: &quot;port-channel10&quot;
                },
                {
                    &quot;name&quot;: &quot;port-channel111&quot;
                }
            ]
        }
    },
    &quot;changed&quot;: false
}</system-out>
		</testcase>
		<testcase classname="out-of-tree:facts.yaml:14" name="[ansible-2] reports: network.reports.gather : Display resource facts msg={{ gather_result }}" time="0.0649573802947998">
			<system-out>{
    &quot;changed&quot;: false,
    &quot;msg&quot;: {
        &quot;ansible_connection&quot;: &quot;ansible.netcommon.network_cli&quot;,
        &quot;ansible_network_os&quot;: &quot;cisco.nxos.nxos&quot;,
        &quot;changed&quot;: false,
        &quot;failed&quot;: false,
        &quot;gathered&quot;: [
            {
                &quot;name&quot;: &quot;Ethernet1/1&quot;
            },
            {
                &quot;name&quot;: &quot;Ethernet1/2&quot;
            },
            {
                &quot;name&quot;: &quot;Ethernet1/3&quot;
            },
            {
                &quot;name&quot;: &quot;Ethernet1/4&quot;
            },
            {
                &quot;name&quot;: &quot;Ethernet1/5&quot;
            },
            {
                &quot;name&quot;: &quot;Ethernet1/6&quot;
            },
            {
                &quot;name&quot;: &quot;Ethernet1/7&quot;
            },
            {
                &quot;name&quot;: &quot;Ethernet1/8&quot;
            },
            {
                &quot;name&quot;: &quot;Ethernet1/9&quot;
            },
            {
                &quot;name&quot;: &quot;Ethernet1/10&quot;
            },
            {
                &quot;name&quot;: &quot;Ethernet1/11&quot;
            },
            {
                &quot;name&quot;: &quot;Ethernet1/12&quot;
            },
            {
                &quot;name&quot;: &quot;Ethernet1/13&quot;
            },
            {
                &quot;name&quot;: &quot;Ethernet1/14&quot;
            },
            {
                &quot;name&quot;: &quot;Ethernet1/15&quot;
            },
            {
                &quot;name&quot;: &quot;Ethernet1/16&quot;
            },
            {
                &quot;name&quot;: &quot;Ethernet1/17&quot;
            },
            {
                &quot;name&quot;: &quot;Ethernet1/18&quot;
            },
            {
                &quot;name&quot;: &quot;Ethernet1/19&quot;
            },
            {
                &quot;name&quot;: &quot;Ethernet1/20&quot;
            },
            {
                &quot;name&quot;: &quot;Ethernet1/21&quot;
            },
            {
                &quot;name&quot;: &quot;Ethernet1/22&quot;
            },
            {
                &quot;name&quot;: &quot;Ethernet1/23&quot;
            },
            {
                &quot;name&quot;: &quot;Ethernet1/24&quot;
            },
            {
                &quot;name&quot;: &quot;Ethernet1/25&quot;
            },
            {
                &quot;name&quot;: &quot;Ethernet1/26&quot;
            },
            {
                &quot;name&quot;: &quot;Ethernet1/27&quot;
            },
            {
                &quot;name&quot;: &quot;Ethernet1/28&quot;
            },
            {
                &quot;name&quot;: &quot;Ethernet1/29&quot;
            },
            {
                &quot;name&quot;: &quot;Ethernet1/30&quot;
            },
            {
                &quot;name&quot;: &quot;Ethernet1/31&quot;
            },
            {
                &quot;name&quot;: &quot;Ethernet1/32&quot;
            },
            {
                &quot;name&quot;: &quot;Ethernet1/33&quot;
            },
            {
                &quot;name&quot;: &quot;Ethernet1/34&quot;
            },
            {
                &quot;name&quot;: &quot;Ethernet1/35&quot;
            },
            {
                &quot;name&quot;: &quot;Ethernet1/36&quot;
            },
            {
                &quot;name&quot;: &quot;Ethernet1/37&quot;
            },
            {
                &quot;name&quot;: &quot;Ethernet1/38&quot;
            },
            {
                &quot;name&quot;: &quot;Ethernet1/39&quot;
            },
            {
                &quot;name&quot;: &quot;Ethernet1/40&quot;
            },
            {
                &quot;name&quot;: &quot;Ethernet1/41&quot;
            },
            {
                &quot;name&quot;: &quot;Ethernet1/42&quot;
            },
            {
                &quot;name&quot;: &quot;Ethernet1/43&quot;
            },
            {
                &quot;name&quot;: &quot;Ethernet1/44&quot;
            },
            {
                &quot;name&quot;: &quot;Ethernet1/45&quot;
            },
            {
                &quot;name&quot;: &quot;Ethernet1/46&quot;
            },
            {
                &quot;name&quot;: &quot;Ethernet1/47&quot;
            },
            {
                &quot;name&quot;: &quot;Ethernet1/48&quot;
            },
            {
                &quot;name&quot;: &quot;Ethernet1/49&quot;
            },
            {
                &quot;name&quot;: &quot;Ethernet1/50&quot;
            },
            {
                &quot;name&quot;: &quot;Ethernet1/51&quot;
            },
            {
                &quot;name&quot;: &quot;Ethernet1/52&quot;
            },
            {
                &quot;name&quot;: &quot;Ethernet1/53&quot;
            },
            {
                &quot;name&quot;: &quot;Ethernet1/54&quot;
            },
            {
                &quot;name&quot;: &quot;Ethernet1/55&quot;
            },
            {
                &quot;name&quot;: &quot;Ethernet1/56&quot;
            },
            {
                &quot;name&quot;: &quot;Ethernet1/57&quot;
            },
            {
                &quot;name&quot;: &quot;Ethernet1/58&quot;
            },
            {
                &quot;name&quot;: &quot;Ethernet1/59&quot;
            },
            {
                &quot;name&quot;: &quot;Ethernet1/60&quot;
            },
            {
                &quot;name&quot;: &quot;Ethernet1/61&quot;
            },
            {
                &quot;name&quot;: &quot;Ethernet1/62&quot;
            },
            {
                &quot;name&quot;: &quot;Ethernet1/63&quot;
            },
            {
                &quot;name&quot;: &quot;Ethernet1/64&quot;
            },
            {
                &quot;name&quot;: &quot;Tunnel1&quot;
            },
            {
                &quot;name&quot;: &quot;Vlan1&quot;
            },
            {
                &quot;address_family&quot;: [
                    {
                        &quot;afi&quot;: &quot;ipv4&quot;,
                        &quot;processes&quot;: [
                            {
                                &quot;area&quot;: {
                                    &quot;area_id&quot;: &quot;0.0.0.0&quot;
                                },
                                &quot;process_id&quot;: &quot;10&quot;
                            }
                        ]
                    }
                ],
                &quot;name&quot;: &quot;Vlan10&quot;
            },
            {
                &quot;name&quot;: &quot;mgmt0&quot;
            },
            {
                &quot;name&quot;: &quot;port-channel1&quot;
            },
            {
                &quot;name&quot;: &quot;port-channel10&quot;
            },
            {
                &quot;name&quot;: &quot;port-channel111&quot;
            }
        ],
        &quot;resource_module_name&quot;: &quot;cisco.nxos.nxos_ospf_interfaces&quot;
    }
}</system-out>
		</testcase>
		<testcase classname="out-of-tree:facts.yaml:2" name="[ansible-2] reports: network.reports.gather : Run the platform facts module os_name={{ ansible_network_os }}, name={{ ansible_network_os }}_{{ res }}, state=gathered" time="1.295470952987671">
			<system-out>{
    &quot;ansible_connection&quot;: &quot;ansible.netcommon.network_cli&quot;,
    &quot;ansible_network_os&quot;: &quot;cisco.nxos.nxos&quot;,
    &quot;changed&quot;: false,
    &quot;gathered&quot;: {
        &quot;processes&quot;: [
            {
                &quot;process_id&quot;: &quot;100&quot;,
                &quot;router_id&quot;: &quot;203.0.113.20&quot;
            },
            {
                &quot;areas&quot;: [
                    {
                        &quot;area_id&quot;: &quot;0.0.0.100&quot;,
                        &quot;filter_list&quot;: [
                            {
                                &quot;direction&quot;: &quot;out&quot;,
                                &quot;route_map&quot;: &quot;rmap_2&quot;
                            },
                            {
                                &quot;direction&quot;: &quot;in&quot;,
                                &quot;route_map&quot;: &quot;rmap_1&quot;
                            }
                        ],
                        &quot;ranges&quot;: [
                            {
                                &quot;not_advertise&quot;: true,
                                &quot;prefix&quot;: &quot;198.51.100.64/27&quot;
                            },
                            {
                                &quot;cost&quot;: 120,
                                &quot;prefix&quot;: &quot;198.51.100.96/27&quot;
                            }
                        ]
                    },
                    {
                        &quot;area_id&quot;: &quot;0.0.0.101&quot;,
                        &quot;authentication&quot;: {
                            &quot;message_digest&quot;: true
                        }
                    }
                ],
                &quot;process_id&quot;: &quot;102&quot;,
                &quot;redistribute&quot;: [
                    {
                        &quot;protocol&quot;: &quot;direct&quot;,
                        &quot;route_map&quot;: &quot;ospf102-direct-connect&quot;
                    },
                    {
                        &quot;id&quot;: &quot;120&quot;,
                        &quot;protocol&quot;: &quot;eigrp&quot;,
                        &quot;route_map&quot;: &quot;rmap_1&quot;
                    }
                ],
                &quot;router_id&quot;: &quot;198.51.100.1&quot;,
                &quot;vrfs&quot;: [
                    {
                        &quot;areas&quot;: [
                            {
                                &quot;area_id&quot;: &quot;0.0.0.102&quot;,
                                &quot;nssa&quot;: {
                                    &quot;default_information_originate&quot;: true,
                                    &quot;no_summary&quot;: true
                                }
                            },
                            {
                                &quot;area_id&quot;: &quot;0.0.0.103&quot;,
                                &quot;nssa&quot;: {
                                    &quot;no_summary&quot;: true,
                                    &quot;translate&quot;: {
                                        &quot;type7&quot;: {
                                            &quot;always&quot;: true
                                        }
                                    }
                                }
                            }
                        ],
                        &quot;redistribute&quot;: [
                            {
                                &quot;protocol&quot;: &quot;static&quot;,
                                &quot;route_map&quot;: &quot;zone1-static-connect&quot;
                            }
                        ],
                        &quot;router_id&quot;: &quot;198.51.100.129&quot;,
                        &quot;summary_address&quot;: [
                            {
                                &quot;prefix&quot;: &quot;198.51.100.128/27&quot;,
                                &quot;tag&quot;: 121
                            },
                            {
                                &quot;prefix&quot;: &quot;198.51.100.160/27&quot;
                            }
                        ],
                        &quot;vrf&quot;: &quot;zone1&quot;
                    },
                    {
                        &quot;auto_cost&quot;: {
                            &quot;reference_bandwidth&quot;: 45,
                            &quot;unit&quot;: &quot;Gbps&quot;
                        },
                        &quot;vrf&quot;: &quot;zone2&quot;
                    }
                ]
            }
        ]
    },
    &quot;invocation&quot;: {
        &quot;module_args&quot;: {
            &quot;config&quot;: null,
            &quot;running_config&quot;: null,
            &quot;state&quot;: &quot;gathered&quot;
        }
    },
    &quot;resource_module_name&quot;: &quot;cisco.nxos.nxos_ospfv2&quot;
}</system-out>
		</testcase>
		<testcase classname="out-of-tree:facts.yaml:9" name="[ansible-2] reports: network.reports.gather : Append resource facts to a global dictionary all_gathered_resources={{ all_gathered_resources | default({}) | combine({ res: gather_result.gathered }) }}" time="0.06897687911987305">
			<system-out>{
    &quot;ansible_facts&quot;: {
        &quot;all_gathered_resources&quot;: {
            &quot;bgp_address_family&quot;: {
                &quot;address_family&quot;: [
                    {
                        &quot;afi&quot;: &quot;ipv4&quot;,
                        &quot;networks&quot;: [
                            {
                                &quot;prefix&quot;: &quot;10.0.0.0/24&quot;
                            },
                            {
                                &quot;prefix&quot;: &quot;172.16.0.0/16&quot;
                            }
                        ],
                        &quot;safi&quot;: &quot;unicast&quot;
                    },
                    {
                        &quot;afi&quot;: &quot;ipv6&quot;,
                        &quot;networks&quot;: [
                            {
                                &quot;prefix&quot;: &quot;2001:db8::/32&quot;
                            },
                            {
                                &quot;prefix&quot;: &quot;2001:db8:abcd::/48&quot;
                            }
                        ],
                        &quot;safi&quot;: &quot;unicast&quot;
                    }
                ],
                &quot;as_number&quot;: &quot;65001&quot;
            },
            &quot;bgp_global&quot;: {
                &quot;as_number&quot;: &quot;65001&quot;,
                &quot;neighbors&quot;: [
                    {
                        &quot;neighbor_address&quot;: &quot;192.168.1.2&quot;,
                        &quot;remote_as&quot;: &quot;65002&quot;,
                        &quot;update_source&quot;: &quot;loopback0&quot;
                    },
                    {
                        &quot;neighbor_address&quot;: &quot;192.168.2.1&quot;,
                        &quot;remote_as&quot;: &quot;65002&quot;
                    },
                    {
                        &quot;neighbor_address&quot;: &quot;2001:db8::2&quot;,
                        &quot;remote_as&quot;: &quot;65003&quot;
                    }
                ],
                &quot;router_id&quot;: &quot;1.1.1.1&quot;,
                &quot;timers&quot;: {
                    &quot;bgp&quot;: {
                        &quot;holdtime&quot;: 90,
                        &quot;keepalive&quot;: 30
                    }
                }
            },
            &quot;ospf_interfaces&quot;: [
                {
                    &quot;name&quot;: &quot;Ethernet1/1&quot;
                },
                {
                    &quot;name&quot;: &quot;Ethernet1/2&quot;
                },
                {
                    &quot;name&quot;: &quot;Ethernet1/3&quot;
                },
                {
                    &quot;name&quot;: &quot;Ethernet1/4&quot;
                },
                {
                    &quot;name&quot;: &quot;Ethernet1/5&quot;
                },
                {
                    &quot;name&quot;: &quot;Ethernet1/6&quot;
                },
                {
                    &quot;name&quot;: &quot;Ethernet1/7&quot;
                },
                {
                    &quot;name&quot;: &quot;Ethernet1/8&quot;
                },
                {
                    &quot;name&quot;: &quot;Ethernet1/9&quot;
                },
                {
                    &quot;name&quot;: &quot;Ethernet1/10&quot;
                },
                {
                    &quot;name&quot;: &quot;Ethernet1/11&quot;
                },
                {
                    &quot;name&quot;: &quot;Ethernet1/12&quot;
                },
                {
                    &quot;name&quot;: &quot;Ethernet1/13&quot;
                },
                {
                    &quot;name&quot;: &quot;Ethernet1/14&quot;
                },
                {
                    &quot;name&quot;: &quot;Ethernet1/15&quot;
                },
                {
                    &quot;name&quot;: &quot;Ethernet1/16&quot;
                },
                {
                    &quot;name&quot;: &quot;Ethernet1/17&quot;
                },
                {
                    &quot;name&quot;: &quot;Ethernet1/18&quot;
                },
                {
                    &quot;name&quot;: &quot;Ethernet1/19&quot;
                },
                {
                    &quot;name&quot;: &quot;Ethernet1/20&quot;
                },
                {
                    &quot;name&quot;: &quot;Ethernet1/21&quot;
                },
                {
                    &quot;name&quot;: &quot;Ethernet1/22&quot;
                },
                {
                    &quot;name&quot;: &quot;Ethernet1/23&quot;
                },
                {
                    &quot;name&quot;: &quot;Ethernet1/24&quot;
                },
                {
                    &quot;name&quot;: &quot;Ethernet1/25&quot;
                },
                {
                    &quot;name&quot;: &quot;Ethernet1/26&quot;
                },
                {
                    &quot;name&quot;: &quot;Ethernet1/27&quot;
                },
                {
                    &quot;name&quot;: &quot;Ethernet1/28&quot;
                },
                {
                    &quot;name&quot;: &quot;Ethernet1/29&quot;
                },
                {
                    &quot;name&quot;: &quot;Ethernet1/30&quot;
                },
                {
                    &quot;name&quot;: &quot;Ethernet1/31&quot;
                },
                {
                    &quot;name&quot;: &quot;Ethernet1/32&quot;
                },
                {
                    &quot;name&quot;: &quot;Ethernet1/33&quot;
                },
                {
                    &quot;name&quot;: &quot;Ethernet1/34&quot;
                },
                {
                    &quot;name&quot;: &quot;Ethernet1/35&quot;
                },
                {
                    &quot;name&quot;: &quot;Ethernet1/36&quot;
                },
                {
                    &quot;name&quot;: &quot;Ethernet1/37&quot;
                },
                {
                    &quot;name&quot;: &quot;Ethernet1/38&quot;
                },
                {
                    &quot;name&quot;: &quot;Ethernet1/39&quot;
                },
                {
                    &quot;name&quot;: &quot;Ethernet1/40&quot;
                },
                {
                    &quot;name&quot;: &quot;Ethernet1/41&quot;
                },
                {
                    &quot;name&quot;: &quot;Ethernet1/42&quot;
                },
                {
                    &quot;name&quot;: &quot;Ethernet1/43&quot;
                },
                {
                    &quot;name&quot;: &quot;Ethernet1/44&quot;
                },
                {
                    &quot;name&quot;: &quot;Ethernet1/45&quot;
                },
                {
                    &quot;name&quot;: &quot;Ethernet1/46&quot;
                },
                {
                    &quot;name&quot;: &quot;Ethernet1/47&quot;
                },
                {
                    &quot;name&quot;: &quot;Ethernet1/48&quot;
                },
                {
                    &quot;name&quot;: &quot;Ethernet1/49&quot;
                },
                {
                    &quot;name&quot;: &quot;Ethernet1/50&quot;
                },
                {
                    &quot;name&quot;: &quot;Ethernet1/51&quot;
                },
                {
                    &quot;name&quot;: &quot;Ethernet1/52&quot;
                },
                {
                    &quot;name&quot;: &quot;Ethernet1/53&quot;
                },
                {
                    &quot;name&quot;: &quot;Ethernet1/54&quot;
                },
                {
                    &quot;name&quot;: &quot;Ethernet1/55&quot;
                },
                {
                    &quot;name&quot;: &quot;Ethernet1/56&quot;
                },
                {
                    &quot;name&quot;: &quot;Ethernet1/57&quot;
                },
                {
                    &quot;name&quot;: &quot;Ethernet1/58&quot;
                },
                {
                    &quot;name&quot;: &quot;Ethernet1/59&quot;
                },
                {
                    &quot;name&quot;: &quot;Ethernet1/60&quot;
                },
                {
                    &quot;name&quot;: &quot;Ethernet1/61&quot;
                },
                {
                    &quot;name&quot;: &quot;Ethernet1/62&quot;
                },
                {
                    &quot;name&quot;: &quot;Ethernet1/63&quot;
                },
                {
                    &quot;name&quot;: &quot;Ethernet1/64&quot;
                },
                {
                    &quot;name&quot;: &quot;Tunnel1&quot;
                },
                {
                    &quot;name&quot;: &quot;Vlan1&quot;
                },
                {
                    &quot;address_family&quot;: [
                        {
                            &quot;afi&quot;: &quot;ipv4&quot;,
                            &quot;processes&quot;: [
                                {
                                    &quot;area&quot;: {
                                        &quot;area_id&quot;: &quot;0.0.0.0&quot;
                                    },
                                    &quot;process_id&quot;: &quot;10&quot;
                                }
                            ]
                        }
                    ],
                    &quot;name&quot;: &quot;Vlan10&quot;
                },
                {
                    &quot;name&quot;: &quot;mgmt0&quot;
                },
                {
                    &quot;name&quot;: &quot;port-channel1&quot;
                },
                {
                    &quot;name&quot;: &quot;port-channel10&quot;
                },
                {
                    &quot;name&quot;: &quot;port-channel111&quot;
                }
            ],
            &quot;ospfv2&quot;: {
                &quot;processes&quot;: [
                    {
                        &quot;process_id&quot;: &quot;100&quot;,
                        &quot;router_id&quot;: &quot;203.0.113.20&quot;
                    },
                    {
                        &quot;areas&quot;: [
                            {
                                &quot;area_id&quot;: &quot;0.0.0.100&quot;,
                                &quot;filter_list&quot;: [
                                    {
                                        &quot;direction&quot;: &quot;out&quot;,
                                        &quot;route_map&quot;: &quot;rmap_2&quot;
                                    },
                                    {
                                        &quot;direction&quot;: &quot;in&quot;,
                                        &quot;route_map&quot;: &quot;rmap_1&quot;
                                    }
                                ],
                                &quot;ranges&quot;: [
                                    {
                                        &quot;not_advertise&quot;: true,
                                        &quot;prefix&quot;: &quot;198.51.100.64/27&quot;
                                    },
                                    {
                                        &quot;cost&quot;: 120,
                                        &quot;prefix&quot;: &quot;198.51.100.96/27&quot;
                                    }
                                ]
                            },
                            {
                                &quot;area_id&quot;: &quot;0.0.0.101&quot;,
                                &quot;authentication&quot;: {
                                    &quot;message_digest&quot;: true
                                }
                            }
                        ],
                        &quot;process_id&quot;: &quot;102&quot;,
                        &quot;redistribute&quot;: [
                            {
                                &quot;protocol&quot;: &quot;direct&quot;,
                                &quot;route_map&quot;: &quot;ospf102-direct-connect&quot;
                            },
                            {
                                &quot;id&quot;: &quot;120&quot;,
                                &quot;protocol&quot;: &quot;eigrp&quot;,
                                &quot;route_map&quot;: &quot;rmap_1&quot;
                            }
                        ],
                        &quot;router_id&quot;: &quot;198.51.100.1&quot;,
                        &quot;vrfs&quot;: [
                            {
                                &quot;areas&quot;: [
                                    {
                                        &quot;area_id&quot;: &quot;0.0.0.102&quot;,
                                        &quot;nssa&quot;: {
                                            &quot;default_information_originate&quot;: true,
                                            &quot;no_summary&quot;: true
                                        }
                                    },
                                    {
                                        &quot;area_id&quot;: &quot;0.0.0.103&quot;,
                                        &quot;nssa&quot;: {
                                            &quot;no_summary&quot;: true,
                                            &quot;translate&quot;: {
                                                &quot;type7&quot;: {
                                                    &quot;always&quot;: true
                                                }
                                            }
                                        }
                                    }
                                ],
                                &quot;redistribute&quot;: [
                                    {
                                        &quot;protocol&quot;: &quot;static&quot;,
                                        &quot;route_map&quot;: &quot;zone1-static-connect&quot;
                                    }
                                ],
                                &quot;router_id&quot;: &quot;198.51.100.129&quot;,
                                &quot;summary_address&quot;: [
                                    {
                                        &quot;prefix&quot;: &quot;198.51.100.128/27&quot;,
                                        &quot;tag&quot;: 121
                                    },
                                    {
                                        &quot;prefix&quot;: &quot;198.51.100.160/27&quot;
                                    }
                                ],
                                &quot;vrf&quot;: &quot;zone1&quot;
                            },
                            {
                                &quot;auto_cost&quot;: {
                                    &quot;reference_bandwidth&quot;: 45,
                                    &quot;unit&quot;: &quot;Gbps&quot;
                                },
                                &quot;vrf&quot;: &quot;zone2&quot;
                            }
                        ]
                    }
                ]
            }
        }
    },
    &quot;changed&quot;: false
}</system-out>
		</testcase>
		<testcase classname="out-of-tree:facts.yaml:14" name="[ansible-2] reports: network.reports.gather : Display resource facts msg={{ gather_result }}" time="0.061173200607299805">
			<system-out>{
    &quot;changed&quot;: false,
    &quot;msg&quot;: {
        &quot;ansible_connection&quot;: &quot;ansible.netcommon.network_cli&quot;,
        &quot;ansible_network_os&quot;: &quot;cisco.nxos.nxos&quot;,
        &quot;changed&quot;: false,
        &quot;failed&quot;: false,
        &quot;gathered&quot;: {
            &quot;processes&quot;: [
                {
                    &quot;process_id&quot;: &quot;100&quot;,
                    &quot;router_id&quot;: &quot;203.0.113.20&quot;
                },
                {
                    &quot;areas&quot;: [
                        {
                            &quot;area_id&quot;: &quot;0.0.0.100&quot;,
                            &quot;filter_list&quot;: [
                                {
                                    &quot;direction&quot;: &quot;out&quot;,
                                    &quot;route_map&quot;: &quot;rmap_2&quot;
                                },
                                {
                                    &quot;direction&quot;: &quot;in&quot;,
                                    &quot;route_map&quot;: &quot;rmap_1&quot;
                                }
                            ],
                            &quot;ranges&quot;: [
                                {
                                    &quot;not_advertise&quot;: true,
                                    &quot;prefix&quot;: &quot;198.51.100.64/27&quot;
                                },
                                {
                                    &quot;cost&quot;: 120,
                                    &quot;prefix&quot;: &quot;198.51.100.96/27&quot;
                                }
                            ]
                        },
                        {
                            &quot;area_id&quot;: &quot;0.0.0.101&quot;,
                            &quot;authentication&quot;: {
                                &quot;message_digest&quot;: true
                            }
                        }
                    ],
                    &quot;process_id&quot;: &quot;102&quot;,
                    &quot;redistribute&quot;: [
                        {
                            &quot;protocol&quot;: &quot;direct&quot;,
                            &quot;route_map&quot;: &quot;ospf102-direct-connect&quot;
                        },
                        {
                            &quot;id&quot;: &quot;120&quot;,
                            &quot;protocol&quot;: &quot;eigrp&quot;,
                            &quot;route_map&quot;: &quot;rmap_1&quot;
                        }
                    ],
                    &quot;router_id&quot;: &quot;198.51.100.1&quot;,
                    &quot;vrfs&quot;: [
                        {
                            &quot;areas&quot;: [
                                {
                                    &quot;area_id&quot;: &quot;0.0.0.102&quot;,
                                    &quot;nssa&quot;: {
                                        &quot;default_information_originate&quot;: true,
                                        &quot;no_summary&quot;: true
                                    }
                                },
                                {
                                    &quot;area_id&quot;: &quot;0.0.0.103&quot;,
                                    &quot;nssa&quot;: {
                                        &quot;no_summary&quot;: true,
                                        &quot;translate&quot;: {
                                            &quot;type7&quot;: {
                                                &quot;always&quot;: true
                                            }
                                        }
                                    }
                                }
                            ],
                            &quot;redistribute&quot;: [
                                {
                                    &quot;protocol&quot;: &quot;static&quot;,
                                    &quot;route_map&quot;: &quot;zone1-static-connect&quot;
                                }
                            ],
                            &quot;router_id&quot;: &quot;198.51.100.129&quot;,
                            &quot;summary_address&quot;: [
                                {
                                    &quot;prefix&quot;: &quot;198.51.100.128/27&quot;,
                                    &quot;tag&quot;: 121
                                },
                                {
                                    &quot;prefix&quot;: &quot;198.51.100.160/27&quot;
                                }
                            ],
                            &quot;vrf&quot;: &quot;zone1&quot;
                        },
                        {
                            &quot;auto_cost&quot;: {
                                &quot;reference_bandwidth&quot;: 45,
                                &quot;unit&quot;: &quot;Gbps&quot;
                            },
                            &quot;vrf&quot;: &quot;zone2&quot;
                        }
                    ]
                }
            ]
        },
        &quot;resource_module_name&quot;: &quot;cisco.nxos.nxos_ospfv2&quot;
    }
}</system-out>
		</testcase>
		<testcase classname="out-of-tree:gather.yaml:34" name="[ansible-2] reports: network.reports.gather : Display resource facts msg={{ all_gathered_resources }}" time="0.06777381896972656">
			<system-out>{
    &quot;changed&quot;: false,
    &quot;msg&quot;: {
        &quot;bgp_address_family&quot;: {
            &quot;address_family&quot;: [
                {
                    &quot;afi&quot;: &quot;ipv4&quot;,
                    &quot;networks&quot;: [
                        {
                            &quot;prefix&quot;: &quot;10.0.0.0/24&quot;
                        },
                        {
                            &quot;prefix&quot;: &quot;172.16.0.0/16&quot;
                        }
                    ],
                    &quot;safi&quot;: &quot;unicast&quot;
                },
                {
                    &quot;afi&quot;: &quot;ipv6&quot;,
                    &quot;networks&quot;: [
                        {
                            &quot;prefix&quot;: &quot;2001:db8::/32&quot;
                        },
                        {
                            &quot;prefix&quot;: &quot;2001:db8:abcd::/48&quot;
                        }
                    ],
                    &quot;safi&quot;: &quot;unicast&quot;
                }
            ],
            &quot;as_number&quot;: &quot;65001&quot;
        },
        &quot;bgp_global&quot;: {
            &quot;as_number&quot;: &quot;65001&quot;,
            &quot;neighbors&quot;: [
                {
                    &quot;neighbor_address&quot;: &quot;192.168.1.2&quot;,
                    &quot;remote_as&quot;: &quot;65002&quot;,
                    &quot;update_source&quot;: &quot;loopback0&quot;
                },
                {
                    &quot;neighbor_address&quot;: &quot;192.168.2.1&quot;,
                    &quot;remote_as&quot;: &quot;65002&quot;
                },
                {
                    &quot;neighbor_address&quot;: &quot;2001:db8::2&quot;,
                    &quot;remote_as&quot;: &quot;65003&quot;
                }
            ],
            &quot;router_id&quot;: &quot;1.1.1.1&quot;,
            &quot;timers&quot;: {
                &quot;bgp&quot;: {
                    &quot;holdtime&quot;: 90,
                    &quot;keepalive&quot;: 30
                }
            }
        },
        &quot;ospf_interfaces&quot;: [
            {
                &quot;name&quot;: &quot;Ethernet1/1&quot;
            },
            {
                &quot;name&quot;: &quot;Ethernet1/2&quot;
            },
            {
                &quot;name&quot;: &quot;Ethernet1/3&quot;
            },
            {
                &quot;name&quot;: &quot;Ethernet1/4&quot;
            },
            {
                &quot;name&quot;: &quot;Ethernet1/5&quot;
            },
            {
                &quot;name&quot;: &quot;Ethernet1/6&quot;
            },
            {
                &quot;name&quot;: &quot;Ethernet1/7&quot;
            },
            {
                &quot;name&quot;: &quot;Ethernet1/8&quot;
            },
            {
                &quot;name&quot;: &quot;Ethernet1/9&quot;
            },
            {
                &quot;name&quot;: &quot;Ethernet1/10&quot;
            },
            {
                &quot;name&quot;: &quot;Ethernet1/11&quot;
            },
            {
                &quot;name&quot;: &quot;Ethernet1/12&quot;
            },
            {
                &quot;name&quot;: &quot;Ethernet1/13&quot;
            },
            {
                &quot;name&quot;: &quot;Ethernet1/14&quot;
            },
            {
                &quot;name&quot;: &quot;Ethernet1/15&quot;
            },
            {
                &quot;name&quot;: &quot;Ethernet1/16&quot;
            },
            {
                &quot;name&quot;: &quot;Ethernet1/17&quot;
            },
            {
                &quot;name&quot;: &quot;Ethernet1/18&quot;
            },
            {
                &quot;name&quot;: &quot;Ethernet1/19&quot;
            },
            {
                &quot;name&quot;: &quot;Ethernet1/20&quot;
            },
            {
                &quot;name&quot;: &quot;Ethernet1/21&quot;
            },
            {
                &quot;name&quot;: &quot;Ethernet1/22&quot;
            },
            {
                &quot;name&quot;: &quot;Ethernet1/23&quot;
            },
            {
                &quot;name&quot;: &quot;Ethernet1/24&quot;
            },
            {
                &quot;name&quot;: &quot;Ethernet1/25&quot;
            },
            {
                &quot;name&quot;: &quot;Ethernet1/26&quot;
            },
            {
                &quot;name&quot;: &quot;Ethernet1/27&quot;
            },
            {
                &quot;name&quot;: &quot;Ethernet1/28&quot;
            },
            {
                &quot;name&quot;: &quot;Ethernet1/29&quot;
            },
            {
                &quot;name&quot;: &quot;Ethernet1/30&quot;
            },
            {
                &quot;name&quot;: &quot;Ethernet1/31&quot;
            },
            {
                &quot;name&quot;: &quot;Ethernet1/32&quot;
            },
            {
                &quot;name&quot;: &quot;Ethernet1/33&quot;
            },
            {
                &quot;name&quot;: &quot;Ethernet1/34&quot;
            },
            {
                &quot;name&quot;: &quot;Ethernet1/35&quot;
            },
            {
                &quot;name&quot;: &quot;Ethernet1/36&quot;
            },
            {
                &quot;name&quot;: &quot;Ethernet1/37&quot;
            },
            {
                &quot;name&quot;: &quot;Ethernet1/38&quot;
            },
            {
                &quot;name&quot;: &quot;Ethernet1/39&quot;
            },
            {
                &quot;name&quot;: &quot;Ethernet1/40&quot;
            },
            {
                &quot;name&quot;: &quot;Ethernet1/41&quot;
            },
            {
                &quot;name&quot;: &quot;Ethernet1/42&quot;
            },
            {
                &quot;name&quot;: &quot;Ethernet1/43&quot;
            },
            {
                &quot;name&quot;: &quot;Ethernet1/44&quot;
            },
[...]
                                    &quot;route_map&quot;: &quot;rmap_1&quot;
                                }
                            ],
                            &quot;ranges&quot;: [
                                {
                                    &quot;not_advertise&quot;: true,
                                    &quot;prefix&quot;: &quot;198.51.100.64/27&quot;
                                },
                                {
                                    &quot;cost&quot;: 120,
                                    &quot;prefix&quot;: &quot;198.51.100.96/27&quot;
                                }
                            ]
                        },
                        {
                            &quot;area_id&quot;: &quot;0.0.0.101&quot;,
                            &quot;authentication&quot;: {
                                &quot;message_digest&quot;: true
                            }
                        }
                    ],
                    &quot;process_id&quot;: &quot;102&quot;,
                    &quot;redistribute&quot;: [
                        {
                            &quot;protocol&quot;: &quot;direct&quot;,
                            &quot;route_map&quot;: &quot;ospf102-direct-connect&quot;
                        },
                        {
                            &quot;id&quot;: &quot;120&quot;,
                            &quot;protocol&quot;: &quot;eigrp&quot;,
                            &quot;route_map&quot;: &quot;rmap_1&quot;
                        }
                    ],
                    &quot;router_id&quot;: &quot;198.51.100.1&quot;,
                    &quot;vrfs&quot;: [
                        {
                            &quot;areas&quot;: [
                                {
                                    &quot;area_id&quot;: &quot;0.0.0.102&quot;,
                                    &quot;nssa&quot;: {
                                        &quot;default_information_originate&quot;: true,
                                        &quot;no_summary&quot;: true
                                    }
                                },
                                {
                                    &quot;area_id&quot;: &quot;0.0.0.103&quot;,
                                    &quot;nssa&quot;: {
                                        &quot;no_summary&quot;: true,
                                        &quot;translate&quot;: {
                                            &quot;type7&quot;: {
                                                &quot;always&quot;: true
                                            }
                                        }
                                    }
                                }
                            ],
                            &quot;redistribute&quot;: [
                                {
                                    &quot;protocol&quot;: &quot;static&quot;,
                                    &quot;route_map&quot;: &quot;zone1-static-connect&quot;
                                }
                            ],
                            &quot;router_id&quot;: &quot;198.51.100.129&quot;,
                            &quot;summary_address&quot;: [
                                {
                                    &quot;prefix&quot;: &quot;198.51.100.128/27&quot;,
                                    &quot;tag&quot;: 121
                                },
                                {
                                    &quot;prefix&quot;: &quot;198.51.100.160/27&quot;
                                }
                            ],
                            &quot;vrf&quot;: &quot;zone1&quot;
                        },
                        {
                            &quot;auto_cost&quot;: {
                                &quot;reference_bandwidth&quot;: 45,
                                &quot;unit&quot;: &quot;Gbps&quot;
                            },
                            &quot;vrf&quot;: &quot;zone2&quot;
                        }
                    ]
                }
            ]
        }
    }
}</system-out>
		</testcase>
		<testcase classname="tests/integration/targets/reports_gather/tasks/main.yml:70" name="[ansible-2] reports: reports_gather : Sort all_gathered_resources and remove device_info filtered_all_gathered_resources={{ gather_result.all_gathered_resources | dictsort | rejectattr('0', 'eq', 'device_info') | list | items2dict }}" time="0.02836322784423828">
			<failure message="Unexpected templating type error occurred on ({{ gather_result.all_gathered_resources | dictsort | rejectattr('0', 'eq', 'device_info') | list | items2dict }}): items2dict requires a list of dictionaries, got [('bgp_address_family', {'as_number': '65001', 'address_family': [{'afi': 'ipv4', 'safi': 'unicast', 'networks': [{'prefix': '10.0.0.0/24'}, {'prefix': '172.16.0.0/16'}]}, {'afi': 'ipv6', 'safi': 'unicast', 'networks': [{'prefix': '2001:db8::/32'}, {'prefix': '2001:db8:abcd::/48'}]}]}), ('bgp_global', {'as_number': '65001', 'router_id': '1.1.1.1', 'timers': {'bgp': {'keepalive': 30, 'holdtime': 90}}, 'neighbors': [{'neighbor_address': '192.168.1.2', 'remote_as': '65002', 'update_source': 'loopback0'}, {'neighbor_address': '192.168.2.1', 'remote_as': '65002'}, {'neighbor_address': '2001:db8::2', 'remote_as': '65003'}]}), ('ospf_interfaces', [{'name': 'Ethernet1/1'}, {'name': 'Ethernet1/2'}, {'name': 'Ethernet1/3'}, {'name': 'Ethernet1/4'}, {'name': 'Ethernet1/5'}, {'name': 'Ethernet1/6'}, {'name': 'Ethernet1/7'}, {'name': 'Ethernet1/8'}, {'name': 'Ethernet1/9'}, {'name': 'Ethernet1/10'}, {'name': 'Ethernet1/11'}, {'name': 'Ethernet1/12'}, {'name': 'Ethernet1/13'}, {'name': 'Ethernet1/14'}, {'name': 'Ethernet1/15'}, {'name': 'Ethernet1/16'}, {'name': 'Ethernet1/17'}, {'name': 'Ethernet1/18'}, {'name': 'Ethernet1/19'}, {'name': 'Ethernet1/20'}, {'name': 'Ethernet1/21'}, {'name': 'Ethernet1/22'}, {'name': 'Ethernet1/23'}, {'name': 'Ethernet1/24'}, {'name': 'Ethernet1/25'}, {'name': 'Ethernet1/26'}, {'name': 'Ethernet1/27'}, {'name': 'Ethernet1/28'}, {'name': 'Ethernet1/29'}, {'name': 'Ethernet1/30'}, {'name': 'Ethernet1/31'}, {'name': 'Ethernet1/32'}, {'name': 'Ethernet1/33'}, {'name': 'Ethernet1/34'}, {'name': 'Ethernet1/35'}, {'name': 'Ethernet1/36'}, {'name': 'Ethernet1/37'}, {'name': 'Ethernet1/38'}, {'name': 'Ethernet1/39'}, {'name': 'Ethernet1/40'}, {'name': 'Ethernet1/41'}, {'name': 'Ethernet1/42'}, {'name': 'Ethernet1/43'}, {'name': 'Ethernet1/44'}, {'name': 'Ethernet1/45'}, {'name': 'Ethernet1/46'}, {'name': 'Ethernet1/47'}, {'name': 'Ethernet1/48'}, {'name': 'Ethernet1/49'}, {'name': 'Ethernet1/50'}, {'name': 'Ethernet1/51'}, {'name': 'Ethernet1/52'}, {'name': 'Ethernet1/53'}, {'name': 'Ethernet1/54'}, {'name': 'Ethernet1/55'}, {'name': 'Ethernet1/56'}, {'name': 'Ethernet1/57'}, {'name': 'Ethernet1/58'}, {'name': 'Ethernet1/59'}, {'name': 'Ethernet1/60'}, {'name': 'Ethernet1/61'}, {'name': 'Ethernet1/62'}, {'name': 'Ethernet1/63'}, {'name': 'Ethernet1/64'}, {'name': 'Tunnel1'}, {'name': 'Vlan1'}, {'name': 'Vlan10', 'address_family': [{'afi': 'ipv4', 'processes': [{'process_id': '10', 'area': {'area_id': '0.0.0.0'}}]}]}, {'name': 'mgmt0'}, {'name': 'port-channel1'}, {'name': 'port-channel10'}, {'name': 'port-channel111'}]), ('ospfv2', {'processes': [{'process_id': '100', 'router_id': '203.0.113.20'}, {'process_id': '102', 'vrfs': [{'vrf': 'zone1', 'router_id': '198.51.100.129', 'areas': [{'area_id': '0.0.0.102', 'nssa': {'no_summary': True, 'default_information_originate': True}}, {'area_id': '0.0.0.103', 'nssa': {'no_summary': True, 'translate': {'type7': {'always': True}}}}], 'redistribute': [{'protocol': 'static', 'route_map': 'zone1-static-connect'}], 'summary_address': [{'prefix': '198.51.100.128/27', 'tag': 121}, {'prefix': '198.51.100.160/27'}]}, {'vrf': 'zone2', 'auto_cost': {'reference_bandwidth': 45, 'unit': 'Gbps'}}], 'router_id': '198.51.100.1', 'redistribute': [{'protocol': 'direct', 'route_map': 'ospf102-direct-connect'}, {'protocol': 'eigrp', 'id': '120', 'route_map': 'rmap_1'}], 'areas': [{'area_id': '0.0.0.100', 'filter_list': [{'route_map': 'rmap_2', 'direction': 'out'}, {'route_map': 'rmap_1', 'direction': 'in'}], 'ranges': [{'prefix': '198.51.100.64/27', 'not_advertise': True}, {'prefix': '198.51.100.96/27', 'cost': 120}]}, {'area_id': '0.0.0.101', 'authentication': {'message_digest': True}}]}]})] instead.. items2dict requires a list of dictionaries, got [('bgp_address_family', {'as_number': '65001', 'address_family': [{'afi': 'ipv4', 'safi': 'unicast', 'networks': [{'prefix': '10.0.0.0/24'}, {'prefix': '172.16.0.0/16'}]}, {'afi': 'ipv6', 'safi': 'unicast', 'networks': [{'prefix': '2001:db8::/32'}, {'prefix': '2001:db8:abcd::/48'}]}]}), ('bgp_global', {'as_number': '65001', 'router_id': '1.1.1.1', 'timers': {'bgp': {'keepalive': 30, 'holdtime': 90}}, 'neighbors': [{'neighbor_address': '192.168.1.2', 'remote_as': '65002', 'update_source': 'loopback0'}, {'neighbor_address': '192.168.2.1', 'remote_as': '65002'}, {'neighbor_address': '2001:db8::2', 'remote_as': '65003'}]}), ('ospf_interfaces', [{'name': 'Ethernet1/1'}, {'name': 'Ethernet1/2'}, {'name': 'Ethernet1/3'}, {'name': 'Ethernet1/4'}, {'name': 'Ethernet1/5'}, {'name': 'Ethernet1/6'}, {'name': 'Ethernet1/7'}, {'name': 'Ethernet1/8'}, {'name': 'Ethernet1/9'}, {'name': 'Ethernet1/10'}, {'name': 'Ethernet1/11'}, {'name': 'Ethernet1/12'}, {'name': 'Ethernet1/13'}, {'name': 'Ethernet1/14'}, {'name': 'Ethernet1/15'}, {'name': 'Ethernet1/16'}, {'name': 'Ethernet1/17'}, {'name': 'Ethernet1/18'}, {'name': 'Ethernet1/19'}, {'name': 'Ethernet1/20'}, {'name': 'Ethernet1/21'}, {'name': 'Ethernet1/22'}, {'name': 'Ethernet1/23'}, {'name': 'Ethernet1/24'}, {'name': 'Ethernet1/25'}, {'name': 'Ethernet1/26'}, {'name': 'Ethernet1/27'}, {'name': 'Ethernet1/28'}, {'name': 'Ethernet1/29'}, {'name': 'Ethernet1/30'}, {'name': 'Ethernet1/31'}, {'name': 'Ethernet1/32'}, {'name': 'Ethernet1/33'}, {'name': 'Ethernet1/34'}, {'name': 'Ethernet1/35'}, {'name': 'Ethernet1/36'}, {'name': 'Ethernet1/37'}, {'name': 'Ethernet1/38'}, {'name': 'Ethernet1/39'}, {'name': 'Ethernet1/40'}, {'name': 'Ethernet1/41'}, {'name': 'Ethernet1/42'}, {'name': 'Ethernet1/43'}, {'name': 'Ethernet1/44'}, {'name': 'Ethernet1/45'}, {'name': 'Ethernet1/46'}, {'name': 'Ethernet1/47'}, {'name': 'Ethernet1/48'}, {'name': 'Ethernet1/49'}, {'name': 'Ethernet1/50'}, {'name': 'Ethernet1/51'}, {'name': 'Ethernet1/52'}, {'name': 'Ethernet1/53'}, {'name': 'Ethernet1/54'}, {'name': 'Ethernet1/55'}, {'name': 'Ethernet1/56'}, {'name': 'Ethernet1/57'}, {'name': 'Ethernet1/58'}, {'name': 'Ethernet1/59'}, {'name': 'Ethernet1/60'}, {'name': 'Ethernet1/61'}, {'name': 'Ethernet1/62'}, {'name': 'Ethernet1/63'}, {'name': 'Ethernet1/64'}, {'name': 'Tunnel1'}, {'name': 'Vlan1'}, {'name': 'Vlan10', 'address_family': [{'afi': 'ipv4', 'processes': [{'process_id': '10', 'area': {'area_id': '0.0.0.0'}}]}]}, {'name': 'mgmt0'}, {'name': 'port-channel1'}, {'name': 'port-channel10'}, {'name': 'port-channel111'}]), ('ospfv2', {'processes': [{'process_id': '100', 'router_id': '203.0.113.20'}, {'process_id': '102', 'vrfs': [{'vrf': 'zone1', 'router_id': '198.51.100.129', 'areas': [{'area_id': '0.0.0.102', 'nssa': {'no_summary': True, 'default_information_originate': True}}, {'area_id': '0.0.0.103', 'nssa': {'no_summary': True, 'translate': {'type7': {'always': True}}}}], 'redistribute': [{'protocol': 'static', 'route_map': 'zone1-static-connect'}], 'summary_address': [{'prefix': '198.51.100.128/27', 'tag': 121}, {'prefix': '198.51.100.160/27'}]}, {'vrf': 'zone2', 'auto_cost': {'reference_bandwidth': 45, 'unit': 'Gbps'}}], 'router_id': '198.51.100.1', 'redistribute': [{'protocol': 'direct', 'route_map': 'ospf102-direct-connect'}, {'protocol': 'eigrp', 'id': '120', 'route_map': 'rmap_1'}], 'areas': [{'area_id': '0.0.0.100', 'filter_list': [{'route_map': 'rmap_2', 'direction': 'out'}, {'route_map': 'rmap_1', 'direction': 'in'}], 'ranges': [{'prefix': '198.51.100.64/27', 'not_advertise': True}, {'prefix': '198.51.100.96/27', 'cost': 120}]}, {'area_id': '0.0.0.101', 'authentication': {'message_digest': True}}]}]})] instead." type="failure">{
    &quot;msg&quot;: &quot;Unexpected templating type error occurred on ({{ gather_result.all_gathered_resources | dictsort | rejectattr('0', 'eq', 'device_info') | list | items2dict }}): items2dict requires a list of dictionaries, got [('bgp_address_family', {'as_number': '65001', 'address_family': [{'afi': 'ipv4', 'safi': 'unicast', 'networks': [{'prefix': '10.0.0.0/24'}, {'prefix': '172.16.0.0/16'}]}, {'afi': 'ipv6', 'safi': 'unicast', 'networks': [{'prefix': '2001:db8::/32'}, {'prefix': '2001:db8:abcd::/48'}]}]}), ('bgp_global', {'as_number': '65001', 'router_id': '1.1.1.1', 'timers': {'bgp': {'keepalive': 30, 'holdtime': 90}}, 'neighbors': [{'neighbor_address': '192.168.1.2', 'remote_as': '65002', 'update_source': 'loopback0'}, {'neighbor_address': '192.168.2.1', 'remote_as': '65002'}, {'neighbor_address': '2001:db8::2', 'remote_as': '65003'}]}), ('ospf_interfaces', [{'name': 'Ethernet1/1'}, {'name': 'Ethernet1/2'}, {'name': 'Ethernet1/3'}, {'name': 'Ethernet1/4'}, {'name': 'Ethernet1/5'}, {'name': 'Ethernet1/6'}, {'name': 'Ethernet1/7'}, {'name': 'Ethernet1/8'}, {'name': 'Ethernet1/9'}, {'name': 'Ethernet1/10'}, {'name': 'Ethernet1/11'}, {'name': 'Ethernet1/12'}, {'name': 'Ethernet1/13'}, {'name': 'Ethernet1/14'}, {'name': 'Ethernet1/15'}, {'name': 'Ethernet1/16'}, {'name': 'Ethernet1/17'}, {'name': 'Ethernet1/18'}, {'name': 'Ethernet1/19'}, {'name': 'Ethernet1/20'}, {'name': 'Ethernet1/21'}, {'name': 'Ethernet1/22'}, {'name': 'Ethernet1/23'}, {'name': 'Ethernet1/24'}, {'name': 'Ethernet1/25'}, {'name': 'Ethernet1/26'}, {'name': 'Ethernet1/27'}, {'name': 'Ethernet1/28'}, {'name': 'Ethernet1/29'}, {'name': 'Ethernet1/30'}, {'name': 'Ethernet1/31'}, {'name': 'Ethernet1/32'}, {'name': 'Ethernet1/33'}, {'name': 'Ethernet1/34'}, {'name': 'Ethernet1/35'}, {'name': 'Ethernet1/36'}, {'name': 'Ethernet1/37'}, {'name': 'Ethernet1/38'}, {'name': 'Ethernet1/39'}, {'name': 'Ethernet1/40'}, {'name': 'Ethernet1/41'}, {'name': 'Ethernet1/42'}, {'name': 'Ethernet1/43'}, {'name': 'Ethernet1/44'}, {'name': 'Ethernet1/45'}, {'name': 'Ethernet1/46'}, {'name': 'Ethernet1/47'}, {'name': 'Ethernet1/48'}, {'name': 'Ethernet1/49'}, {'name': 'Ethernet1/50'}, {'name': 'Ethernet1/51'}, {'name': 'Ethernet1/52'}, {'name': 'Ethernet1/53'}, {'name': 'Ethernet1/54'}, {'name': 'Ethernet1/55'}, {'name': 'Ethernet1/56'}, {'name': 'Ethernet1/57'}, {'name': 'Ethernet1/58'}, {'name': 'Ethernet1/59'}, {'name': 'Ethernet1/60'}, {'name': 'Ethernet1/61'}, {'name': 'Ethernet1/62'}, {'name': 'Ethernet1/63'}, {'name': 'Ethernet1/64'}, {'name': 'Tunnel1'}, {'name': 'Vlan1'}, {'name': 'Vlan10', 'address_family': [{'afi': 'ipv4', 'processes': [{'process_id': '10', 'area': {'area_id': '0.0.0.0'}}]}]}, {'name': 'mgmt0'}, {'name': 'port-channel1'}, {'name': 'port-channel10'}, {'name': 'port-channel111'}]), ('ospfv2', {'processes': [{'process_id': '100', 'router_id': '203.0.113.20'}, {'process_id': '102', 'vrfs': [{'vrf': 'zone1', 'router_id': '198.51.100.129', 'areas': [{'area_id': '0.0.0.102', 'nssa': {'no_summary': True, 'default_information_originate': True}}, {'area_id': '0.0.0.103', 'nssa': {'no_summary': True, 'translate': {'type7': {'always': True}}}}], 'redistribute': [{'protocol': 'static', 'route_map': 'zone1-static-connect'}], 'summary_address': [{'prefix': '198.51.100.128/27', 'tag': 121}, {'prefix': '198.51.100.160/27'}]}, {'vrf': 'zone2', 'auto_cost': {'reference_bandwidth': 45, 'unit': 'Gbps'}}], 'router_id': '198.51.100.1', 'redistribute': [{'protocol': 'direct', 'route_map': 'ospf102-direct-connect'}, {'protocol': 'eigrp', 'id': '120', 'route_map': 'rmap_1'}], 'areas': [{'area_id': '0.0.0.100', 'filter_list': [{'route_map': 'rmap_2', 'direction': 'out'}, {'route_map': 'rmap_1', 'direction': 'in'}], 'ranges': [{'prefix': '198.51.100.64/27', 'not_advertise': True}, {'prefix': '198.51.100.96/27', 'cost': 120}]}, {'area_id': '0.0.0.101', 'authentication': {'message_digest': True}}]}]})] instead.. items2dict requires a list of dictionaries, got [('bgp_address_family', {'as_number': '65001', 'address_family': [{'afi': 'ipv4', 'safi': 'unicast', 'networks': [{'prefix': '10.0.0.0/24'}, {'prefix': '172.16.0.0/16'}]}, {'afi': 'ipv6', 'safi': 'unicast', 'networks': [{'prefix': '2001:db8::/32'}, {'prefix': '2001:db8:abcd::/48'}]}]}), ('bgp_global', {'as_number': '65001', 'router_id': '1.1.1.1', 'timers': {'bgp': {'keepalive': 30, 'holdtime': 90}}, 'neighbors': [{'neighbor_address': '192.168.1.2', 'remote_as': '65002', 'update_source': 'loopback0'}, {'neighbor_address': '192.168.2.1', 'remote_as': '65002'}, {'neighbor_address': '2001:db8::2', 'remote_as': '65003'}]}), ('ospf_interfaces', [{'name': 'Ethernet1/1'}, {'name': 'Ethernet1/2'}, {'name': 'Ethernet1/3'}, {'name': 'Ethernet1/4'}, {'name': 'Ethernet1/5'}, {'name': 'Ethernet1/6'}, {'name': 'Ethernet1/7'}, {'name': 'Ethernet1/8'}, {'name': 'Ethernet1/9'}, {'name': 'Ethernet1/10'}, {'name': 'Ethernet1/11'}, {'name': 'Ethernet1/12'}, {'name': 'Ethernet1/13'}, {'name': 'Ethernet1/14'}, {'name': 'Ethernet1/15'}, {'name': 'Ethernet1/16'}, {'name': 'Ethernet1/17'}, {'name': 'Ethernet1/18'}, {'name': 'Ethernet1/19'}, {'name': 'Ethernet1/20'}, {'name': 'Ethernet1/21'}, {'name': 'Ethernet1/22'}, {'name': 'Ethernet1/23'}, {'name': 'Ethernet1/24'}, {'name': 'Ethernet1/25'}, {'name': 'Ethernet1/26'}, {'name': 'Ethernet1/27'}, {'name': 'Ethernet1/28'}, {'name': 'Ethernet1/29'}, {'name': 'Ethernet1/30'}, {'name': 'Ethernet1/31'}, {'name': 'Ethernet1/32'}, {'name': 'Ethernet1/33'}, {'name': 'Ethernet1/34'}, {'name': 'Ethernet1/35'}, {'name': 'Ethernet1/36'}, {'name': 'Ethernet1/37'}, {'name': 'Ethernet1/38'}, {'name': 'Ethernet1/39'}, {'name': 'Ethernet1/40'}, {'name': 'Ethernet1/41'}, {'name': 'Ethernet1/42'}, {'name': 'Ethernet1/43'}, {'name': 'Ethernet1/44'}, {'name': 'Ethernet1/45'}, {'name': 'Ethernet1/46'}, {'name': 'Ethernet1/47'}, {'name': 'Ethernet1/48'}, {'name': 'Ethernet1/49'}, {'name': 'Ethernet1/50'}, {'name': 'Ethernet1/51'}, {'name': 'Ethernet1/52'}, {'name': 'Ethernet1/53'}, {'name': 'Ethernet1/54'}, {'name': 'Ethernet1/55'}, {'name': 'Ethernet1/56'}, {'name': 'Ethernet1/57'}, {'name': 'Ethernet1/58'}, {'name': 'Ethernet1/59'}, {'name': 'Ethernet1/60'}, {'name': 'Ethernet1/61'}, {'name': 'Ethernet1/62'}, {'name': 'Ethernet1/63'}, {'name': 'Ethernet1/64'}, {'name': 'Tunnel1'}, {'name': 'Vlan1'}, {'name': 'Vlan10', 'address_family': [{'afi': 'ipv4', 'processes': [{'process_id': '10', 'area': {'area_id': '0.0.0.0'}}]}]}, {'name': 'mgmt0'}, {'name': 'port-channel1'}, {'name': 'port-channel10'}, {'name': 'port-channel111'}]), ('ospfv2', {'processes': [{'process_id': '100', 'router_id': '203.0.113.20'}, {'process_id': '102', 'vrfs': [{'vrf': 'zone1', 'router_id': '198.51.100.129', 'areas': [{'area_id': '0.0.0.102', 'nssa': {'no_summary': True, 'default_information_originate': True}}, {'area_id': '0.0.0.103', 'nssa': {'no_summary': True, 'translate': {'type7': {'always': True}}}}], 'redistribute': [{'protocol': 'static', 'route_map': 'zone1-static-connect'}], 'summary_address': [{'prefix': '198.51.100.128/27', 'tag': 121}, {'prefix': '198.51.100.160/27'}]}, {'vrf': 'zone2', 'auto_cost': {'reference_bandwidth': 45, 'unit': 'Gbps'}}], 'router_id': '198.51.100.1', 'redistribute': [{'protocol': 'direct', 'route_map': 'ospf102-direct-connect'}, {'protocol': 'eigrp', 'id': '120', 'route_map': 'rmap_1'}], 'areas': [{'area_id': '0.0.0.100', 'filter_list': [{'route_map': 'rmap_2', 'direction': 'out'}, {'route_map': 'rmap_1', 'direction': 'in'}], 'ranges': [{'prefix': '198.51.100.64/27', 'not_advertise': True}, {'prefix': '198.51.100.96/27', 'cost': 120}]}, {'area_id': '0.0.0.101', 'authentication': {'message_digest': True}}]}]})] instead.&quot;
}</failure>
		</testcase>
	</testsuite>
</testsuites>
