<?xml version="1.0" ?>
<testsuites disabled="0" errors="0" failures="1" tests="34" time="48.891588687896728515625">
	<testsuite disabled="0" errors="0" failures="1" name="reports_gather-350t0fi1" skipped="1" tests="34" time="48.891588687896728515625">
		<testcase classname="tests/integration/targets/reports_gather/tasks/main.yml:2" name="[ansible-1] reports: reports_gather : Debug msg=START network.reports gather operation integration tests on connection={{ ansible_connection }}" time="0.10697054862976074">
			<system-out>{
    &quot;changed&quot;: false,
    &quot;msg&quot;: &quot;START network.reports gather operation integration tests on connection=ansible.netcommon.network_cli&quot;
}</system-out>
		</testcase>
		<testcase classname="tests/integration/targets/reports_gather/tasks/main.yml:8" name="[ansible-1] reports: Run network.reports.gather role to collect interface information name=network.reports.gather" time="0.00832986831665039">
			<system-out>{
    &quot;changed&quot;: false,
    &quot;include_args&quot;: {
        &quot;name&quot;: &quot;network.reports.gather&quot;
    }
}</system-out>
		</testcase>
		<testcase classname="tests/integration/targets/reports_gather/tasks/main.yml:8" name="[include] reports: Run network.reports.gather role to collect interface information name=network.reports.gather" time="0.017927885055541992">
			<system-out>network.reports.gather (args={} vars={}): [ansible-1]</system-out>
		</testcase>
		<testcase classname="out-of-tree:main.yaml:5" name="[ansible-1] reports: network.reports.gather : Include validation tasks _raw_params=validation.yaml" time="0.009557008743286133">
			<system-out>{
    &quot;changed&quot;: false,
    &quot;include&quot;: &quot;validation.yaml&quot;,
    &quot;include_args&quot;: {}
}</system-out>
		</testcase>
		<testcase classname="out-of-tree:main.yaml:5" name="[include] reports: network.reports.gather : Include validation tasks _raw_params=validation.yaml" time="0.013224124908447266">
			<system-out>/home/aaanand/ansible-dev-workspace/collections/ansible_collections/network/reports/roles/gather/tasks/validation.yaml (args={} vars={}): [ansible-1]</system-out>
		</testcase>
		<testcase classname="out-of-tree:validation.yaml:2" name="[ansible-1] reports: network.reports.gather : Set supported platform list supported_platforms=['ios', 'junos', 'eos', 'nxos', 'iosxr', 'vyos']" time="0.0906674861907959">
			<system-out>{
    &quot;ansible_facts&quot;: {
        &quot;supported_platforms&quot;: [
            &quot;ios&quot;,
            &quot;junos&quot;,
            &quot;eos&quot;,
            &quot;nxos&quot;,
            &quot;iosxr&quot;,
            &quot;vyos&quot;
        ]
    },
    &quot;changed&quot;: false
}</system-out>
		</testcase>
		<testcase classname="out-of-tree:validation.yaml:12" name="[ansible-1] reports: network.reports.gather : Conditional test _raw_params=unsupported_platform.yaml" time="0.014519691467285156">
			<skipped>Conditional result was False</skipped>
		</testcase>
		<testcase classname="out-of-tree:main.yaml:9" name="[ansible-1] reports: network.reports.gather : Include network resource tasks _raw_params=network_resources.yaml" time="0.008732795715332031">
			<system-out>{
    &quot;changed&quot;: false,
    &quot;include&quot;: &quot;network_resources.yaml&quot;,
    &quot;include_args&quot;: {}
}</system-out>
		</testcase>
		<testcase classname="out-of-tree:main.yaml:9" name="[include] reports: network.reports.gather : Include network resource tasks _raw_params=network_resources.yaml" time="0.011259078979492188">
			<system-out>/home/aaanand/ansible-dev-workspace/collections/ansible_collections/network/reports/roles/gather/tasks/network_resources.yaml (args={} vars={}): [ansible-1]</system-out>
		</testcase>
		<testcase classname="out-of-tree:network_resources.yaml:3" name="[ansible-1] reports: network.reports.gather : Include gather tasks _raw_params=gather.yaml" time="0.009644269943237305">
			<system-out>{
    &quot;changed&quot;: false,
    &quot;include&quot;: &quot;gather.yaml&quot;,
    &quot;include_args&quot;: {}
}</system-out>
		</testcase>
		<testcase classname="out-of-tree:network_resources.yaml:3" name="[include] reports: network.reports.gather : Include gather tasks _raw_params=gather.yaml" time="0.01845693588256836">
			<system-out>/home/aaanand/ansible-dev-workspace/collections/ansible_collections/network/reports/roles/gather/tasks/gather.yaml (args={} vars={}): [ansible-1]</system-out>
		</testcase>
		<testcase classname="out-of-tree:gather.yaml:2" name="[ansible-1] reports: network.reports.gather : Gather the supported resource modules os_name={{ ansible_network_os }}" time="0.7105767726898193">
			<system-out>{
    &quot;ansible_connection&quot;: &quot;ansible.netcommon.network_cli&quot;,
    &quot;ansible_network_os&quot;: &quot;cisco.iosxr.iosxr&quot;,
    &quot;changed&quot;: false,
    &quot;modules&quot;: [
        &quot;acl_interfaces&quot;,
        &quot;acls&quot;,
        &quot;bgp_address_family&quot;,
        &quot;bgp_global&quot;,
        &quot;bgp_neighbor_address_family&quot;,
        &quot;bgp_templates&quot;,
        &quot;hostname&quot;,
        &quot;interfaces&quot;,
        &quot;l2_interfaces&quot;,
        &quot;l3_interfaces&quot;,
        &quot;lacp&quot;,
        &quot;lacp_interfaces&quot;,
        &quot;lag_interfaces&quot;,
        &quot;lldp_global&quot;,
        &quot;lldp_interfaces&quot;,
        &quot;logging_global&quot;,
        &quot;ntp_global&quot;,
        &quot;ospf_interfaces&quot;,
        &quot;ospfv2&quot;,
        &quot;ospfv3&quot;,
        &quot;prefix_lists&quot;,
        &quot;route_maps&quot;,
        &quot;snmp_server&quot;,
        &quot;static_routes&quot;,
        &quot;vrf_address_family&quot;,
        &quot;vrf_global&quot;
    ]
}</system-out>
		</testcase>
		<testcase classname="out-of-tree:gather.yaml:7" name="[ansible-1] reports: network.reports.gather : Set Resources gather_resources={{ gather_network_resources_list['modules'] }}" time="0.0899040699005127">
			<system-out>{
    &quot;ansible_facts&quot;: {
        &quot;gather_resources&quot;: [
            &quot;acl_interfaces&quot;,
            &quot;acls&quot;,
            &quot;bgp_address_family&quot;,
            &quot;bgp_global&quot;,
            &quot;bgp_neighbor_address_family&quot;,
            &quot;bgp_templates&quot;,
            &quot;hostname&quot;,
            &quot;interfaces&quot;,
            &quot;l2_interfaces&quot;,
            &quot;l3_interfaces&quot;,
            &quot;lacp&quot;,
            &quot;lacp_interfaces&quot;,
            &quot;lag_interfaces&quot;,
            &quot;lldp_global&quot;,
            &quot;lldp_interfaces&quot;,
            &quot;logging_global&quot;,
            &quot;ntp_global&quot;,
            &quot;ospf_interfaces&quot;,
            &quot;ospfv2&quot;,
            &quot;ospfv3&quot;,
            &quot;prefix_lists&quot;,
            &quot;route_maps&quot;,
            &quot;snmp_server&quot;,
            &quot;static_routes&quot;,
            &quot;vrf_address_family&quot;,
            &quot;vrf_global&quot;
        ]
    },
    &quot;changed&quot;: false
}</system-out>
		</testcase>
		<testcase classname="out-of-tree:gather.yaml:12" name="[ansible-1] reports: network.reports.gather : Set network resources gather_network_resources={{ gather_network_resources_list['modules'] | ansible.utils.param_list_compare(resources) }}" time="0.12519049644470215">
			<system-out>{
    &quot;ansible_facts&quot;: {
        &quot;gather_network_resources&quot;: {
            &quot;actionable&quot;: [
                &quot;interfaces&quot;
            ],
            &quot;unsupported&quot;: []
        }
    },
    &quot;changed&quot;: false
}</system-out>
		</testcase>
		<testcase classname="out-of-tree:gather.yaml:16" name="[ansible-1] reports: network.reports.gather : Initialize all_gathered_facts as an empty dictionary all_gathered_facts={}" time="0.08172321319580078">
			<system-out>{
    &quot;ansible_facts&quot;: {
        &quot;all_gathered_facts&quot;: {}
    },
    &quot;changed&quot;: false
}</system-out>
		</testcase>
		<testcase classname="out-of-tree:gather.yaml:20" name="[ansible-1] reports: network.reports.gather : Include build tasks _raw_params=facts.yaml" time="0.04754996299743652">
			<system-out>{
    &quot;changed&quot;: false,
    &quot;msg&quot;: &quot;All items completed&quot;,
    &quot;results&quot;: [
        {
            &quot;ansible_loop_var&quot;: &quot;res&quot;,
            &quot;include&quot;: &quot;facts.yaml&quot;,
            &quot;include_args&quot;: {},
            &quot;res&quot;: &quot;interfaces&quot;
        }
    ]
}</system-out>
		</testcase>
		<testcase classname="out-of-tree:gather.yaml:20" name="[include] reports: network.reports.gather : Include build tasks _raw_params=facts.yaml" time="0.08597612380981445">
			<system-out>/home/aaanand/ansible-dev-workspace/collections/ansible_collections/network/reports/roles/gather/tasks/facts.yaml (args={} vars={'res': 'interfaces', 'ansible_loop_var': 'res', '_ansible_item_label': 'interfaces'}): [ansible-1]</system-out>
		</testcase>
		<testcase classname="out-of-tree:facts.yaml:2" name="[ansible-1] reports: network.reports.gather : Run the platform facts module os_name={{ ansible_network_os }}, name={{ ansible_network_os }}_{{ res }}, state=gathered" time="41.868412733078">
			<system-out>{
    &quot;ansible_connection&quot;: &quot;ansible.netcommon.network_cli&quot;,
    &quot;ansible_network_os&quot;: &quot;cisco.iosxr.iosxr&quot;,
    &quot;changed&quot;: false,
    &quot;gathered&quot;: [
        {
            &quot;enabled&quot;: true,
            &quot;name&quot;: &quot;MgmtEth0/RP0/CPU0/0&quot;
        },
        {
            &quot;enabled&quot;: false,
            &quot;name&quot;: &quot;GigabitEthernet0/0/0/0&quot;
        }
    ],
    &quot;invocation&quot;: {
        &quot;module_args&quot;: {
            &quot;config&quot;: null,
            &quot;running_config&quot;: null,
            &quot;state&quot;: &quot;gathered&quot;
        }
    },
    &quot;resource_module_name&quot;: &quot;cisco.iosxr.iosxr_interfaces&quot;
}</system-out>
		</testcase>
		<testcase classname="out-of-tree:facts.yaml:9" name="[ansible-1] reports: network.reports.gather : Append resource facts to a global dictionary all_gathered_facts={{ all_gathered_facts | default({}) | combine({ res: gather_result.gathered }) }}" time="0.13840556144714355">
			<system-out>{
    &quot;ansible_facts&quot;: {
        &quot;all_gathered_facts&quot;: {
            &quot;interfaces&quot;: [
                {
                    &quot;enabled&quot;: true,
                    &quot;name&quot;: &quot;MgmtEth0/RP0/CPU0/0&quot;
                },
                {
                    &quot;enabled&quot;: false,
                    &quot;name&quot;: &quot;GigabitEthernet0/0/0/0&quot;
                }
            ]
        }
    },
    &quot;changed&quot;: false
}</system-out>
		</testcase>
		<testcase classname="out-of-tree:facts.yaml:14" name="[ansible-1] reports: network.reports.gather : Display resource facts msg={{ gather_result }}" time="0.13128304481506348">
			<system-out>{
    &quot;changed&quot;: false,
    &quot;msg&quot;: {
        &quot;ansible_connection&quot;: &quot;ansible.netcommon.network_cli&quot;,
        &quot;ansible_network_os&quot;: &quot;cisco.iosxr.iosxr&quot;,
        &quot;changed&quot;: false,
        &quot;failed&quot;: false,
        &quot;gathered&quot;: [
            {
                &quot;enabled&quot;: true,
                &quot;name&quot;: &quot;MgmtEth0/RP0/CPU0/0&quot;
            },
            {
                &quot;enabled&quot;: false,
                &quot;name&quot;: &quot;GigabitEthernet0/0/0/0&quot;
            }
        ],
        &quot;resource_module_name&quot;: &quot;cisco.iosxr.iosxr_interfaces&quot;
    }
}</system-out>
		</testcase>
		<testcase classname="out-of-tree:gather.yaml:26" name="[ansible-1] reports: network.reports.gather : Display resource facts msg={{ all_gathered_facts }}" time="0.1263575553894043">
			<system-out>{
    &quot;changed&quot;: false,
    &quot;msg&quot;: {
        &quot;interfaces&quot;: [
            {
                &quot;enabled&quot;: true,
                &quot;name&quot;: &quot;MgmtEth0/RP0/CPU0/0&quot;
            },
            {
                &quot;enabled&quot;: false,
                &quot;name&quot;: &quot;GigabitEthernet0/0/0/0&quot;
            }
        ]
    }
}</system-out>
		</testcase>
		<testcase classname="out-of-tree:main.yaml:12" name="[ansible-1] reports: network.reports.gather : Include system resouces tasks _raw_params=system_resources.yaml" time="0.016026020050048828">
			<system-out>{
    &quot;changed&quot;: false,
    &quot;include&quot;: &quot;system_resources.yaml&quot;,
    &quot;include_args&quot;: {}
}</system-out>
		</testcase>
		<testcase classname="out-of-tree:main.yaml:12" name="[include] reports: network.reports.gather : Include system resouces tasks _raw_params=system_resources.yaml" time="0.024579763412475586">
			<system-out>/home/aaanand/ansible-dev-workspace/collections/ansible_collections/network/reports/roles/gather/tasks/system_resources.yaml (args={} vars={}): [ansible-1]</system-out>
		</testcase>
		<testcase classname="out-of-tree:system_resources.yaml:2" name="[ansible-1] reports: network.reports.gather : Include tasks iosxr _raw_params=./{{ ansible_network_os.split('.')[2] }}.yaml" time="0.02229595184326172">
			<system-out>{
    &quot;changed&quot;: false,
    &quot;include&quot;: &quot;./iosxr.yaml&quot;,
    &quot;include_args&quot;: {}
}</system-out>
		</testcase>
		<testcase classname="out-of-tree:system_resources.yaml:2" name="[include] reports: network.reports.gather : Include tasks iosxr _raw_params=./{{ ansible_network_os.split('.')[2] }}.yaml" time="0.03474235534667969">
			<system-out>/home/aaanand/ansible-dev-workspace/collections/ansible_collections/network/reports/roles/gather/tasks/./iosxr.yaml (args={} vars={}): [ansible-1]</system-out>
		</testcase>
		<testcase classname="out-of-tree:iosxr.yaml:1" name="[ansible-1] reports: network.reports.gather : Parse show version command=show version, parser={'name': 'ansible.netcommon.native'}, set_fact=version_data" time="2.177858352661133">
			<system-out>{
    &quot;ansible_facts&quot;: {
        &quot;version_data&quot;: {
            &quot;build_info&quot;: {
                &quot;built_by&quot;: &quot;ingunawa&quot;,
                &quot;built_host&quot;: &quot;iox-ucs-067&quot;,
                &quot;built_on&quot;: &quot;Mon Jul 25 02:41:45 PDT 2022&quot;,
                &quot;label&quot;: &quot;7.7.1-0&quot;,
                &quot;location&quot;: &quot;/opt/cisco/XR/packages/&quot;,
                &quot;workspace&quot;: &quot;/auto/srcarchive12/prod/7.7.1/xrv9k/ws&quot;
            },
            &quot;hardware&quot;: {
                &quot;processor&quot;: &quot;IOS-XRv 9000 ()&quot;
            },
            &quot;software_version&quot;: &quot;7.7.1&quot;
        }
    },
    &quot;changed&quot;: false,
    &quot;parsed&quot;: {
        &quot;build_info&quot;: {
            &quot;built_by&quot;: &quot;ingunawa&quot;,
            &quot;built_host&quot;: &quot;iox-ucs-067&quot;,
            &quot;built_on&quot;: &quot;Mon Jul 25 02:41:45 PDT 2022&quot;,
            &quot;label&quot;: &quot;7.7.1-0&quot;,
            &quot;location&quot;: &quot;/opt/cisco/XR/packages/&quot;,
            &quot;workspace&quot;: &quot;/auto/srcarchive12/prod/7.7.1/xrv9k/ws&quot;
        },
        &quot;hardware&quot;: {
            &quot;processor&quot;: &quot;IOS-XRv 9000 ()&quot;
        },
        &quot;software_version&quot;: &quot;7.7.1&quot;
    },
    &quot;stdout&quot;: &quot;Cisco IOS XR Software, Version 7.7.1\nCopyright (c) 2013-2022 by Cisco Systems, Inc.\n\nBuild Information:\n Built By     : ingunawa\n Built On     : Mon Jul 25 02:41:45 PDT 2022\n Built Host   : iox-ucs-067\n Workspace    : /auto/srcarchive12/prod/7.7.1/xrv9k/ws\n Version      : 7.7.1\n Location     : /opt/cisco/XR/packages/\n Label        : 7.7.1-0\n\ncisco IOS-XRv 9000 () processor\nSystem uptime is 3 weeks 19 hours 11 minutes&quot;,
    &quot;stdout_lines&quot;: [
        &quot;Cisco IOS XR Software, Version 7.7.1&quot;,
        &quot;Copyright (c) 2013-2022 by Cisco Systems, Inc.&quot;,
        &quot;&quot;,
        &quot;Build Information:&quot;,
        &quot; Built By     : ingunawa&quot;,
        &quot; Built On     : Mon Jul 25 02:41:45 PDT 2022&quot;,
        &quot; Built Host   : iox-ucs-067&quot;,
        &quot; Workspace    : /auto/srcarchive12/prod/7.7.1/xrv9k/ws&quot;,
        &quot; Version      : 7.7.1&quot;,
        &quot; Location     : /opt/cisco/XR/packages/&quot;,
        &quot; Label        : 7.7.1-0&quot;,
        &quot;&quot;,
        &quot;cisco IOS-XRv 9000 () processor&quot;,
        &quot;System uptime is 3 weeks 19 hours 11 minutes&quot;
    ]
}</system-out>
		</testcase>
		<testcase classname="out-of-tree:iosxr.yaml:8" name="[ansible-1] reports: network.reports.gather : Parse memory memory_summary command=show memory summary, parser={'name': 'ansible.netcommon.native'}, set_fact=memory_resources" time="2.0221810340881348">
			<system-out>{
    &quot;ansible_facts&quot;: {
        &quot;memory_resources&quot;: {
            &quot;memory_summary&quot;: {
                &quot;app_total&quot;: &quot;6144M&quot;,
                &quot;image_size&quot;: &quot;4M&quot;,
                &quot;physical_total&quot;: &quot;6144M&quot;
            }
        }
    },
    &quot;changed&quot;: false,
    &quot;parsed&quot;: {
        &quot;memory_summary&quot;: {
            &quot;app_total&quot;: &quot;6144M&quot;,
            &quot;image_size&quot;: &quot;4M&quot;,
            &quot;physical_total&quot;: &quot;6144M&quot;
        }
    },
    &quot;stdout&quot;: &quot;node:      node0_RP0_CPU0\n------------------------------------------------------------------\n\n Physical Memory: 6144M total (3893M available)\n Application Memory : 6144M (3893M available)\n Image: 4M (bootram: 0M)\n Reserved: 0M, IOMem: 0M, flashfsys: 0M\n Total shared window: 235M&quot;,
    &quot;stdout_lines&quot;: [
        &quot;node:      node0_RP0_CPU0&quot;,
        &quot;------------------------------------------------------------------&quot;,
        &quot;&quot;,
        &quot; Physical Memory: 6144M total (3893M available)&quot;,
        &quot; Application Memory : 6144M (3893M available)&quot;,
        &quot; Image: 4M (bootram: 0M)&quot;,
        &quot; Reserved: 0M, IOMem: 0M, flashfsys: 0M&quot;,
        &quot; Total shared window: 235M&quot;
    ]
}</system-out>
		</testcase>
		<testcase classname="out-of-tree:iosxr.yaml:15" name="[ansible-1] reports: network.reports.gather : Combine data into system_resources system_resources={{ version_data | combine(memory_resources, recursive=True) }}" time="0.13332486152648926">
			<system-out>{
    &quot;ansible_facts&quot;: {
        &quot;system_resources&quot;: {
            &quot;build_info&quot;: {
                &quot;built_by&quot;: &quot;ingunawa&quot;,
                &quot;built_host&quot;: &quot;iox-ucs-067&quot;,
                &quot;built_on&quot;: &quot;Mon Jul 25 02:41:45 PDT 2022&quot;,
                &quot;label&quot;: &quot;7.7.1-0&quot;,
                &quot;location&quot;: &quot;/opt/cisco/XR/packages/&quot;,
                &quot;workspace&quot;: &quot;/auto/srcarchive12/prod/7.7.1/xrv9k/ws&quot;
            },
            &quot;hardware&quot;: {
                &quot;processor&quot;: &quot;IOS-XRv 9000 ()&quot;
            },
            &quot;memory_summary&quot;: {
                &quot;app_total&quot;: &quot;6144M&quot;,
                &quot;image_size&quot;: &quot;4M&quot;,
                &quot;physical_total&quot;: &quot;6144M&quot;
            },
            &quot;software_version&quot;: &quot;7.7.1&quot;
        }
    },
    &quot;changed&quot;: false
}</system-out>
		</testcase>
		<testcase classname="out-of-tree:system_resources.yaml:5" name="[ansible-1] reports: network.reports.gather : Display resource facts msg={{ system_resources }}" time="0.12965655326843262">
			<system-out>{
    &quot;changed&quot;: false,
    &quot;msg&quot;: {
        &quot;build_info&quot;: {
            &quot;built_by&quot;: &quot;ingunawa&quot;,
            &quot;built_host&quot;: &quot;iox-ucs-067&quot;,
            &quot;built_on&quot;: &quot;Mon Jul 25 02:41:45 PDT 2022&quot;,
            &quot;label&quot;: &quot;7.7.1-0&quot;,
            &quot;location&quot;: &quot;/opt/cisco/XR/packages/&quot;,
            &quot;workspace&quot;: &quot;/auto/srcarchive12/prod/7.7.1/xrv9k/ws&quot;
        },
        &quot;hardware&quot;: {
            &quot;processor&quot;: &quot;IOS-XRv 9000 ()&quot;
        },
        &quot;memory_summary&quot;: {
            &quot;app_total&quot;: &quot;6144M&quot;,
            &quot;image_size&quot;: &quot;4M&quot;,
            &quot;physical_total&quot;: &quot;6144M&quot;
        },
        &quot;software_version&quot;: &quot;7.7.1&quot;
    }
}</system-out>
		</testcase>
		<testcase classname="out-of-tree:main.yaml:15" name="[ansible-1] reports: network.reports.gather : Add system resources to all_gathered_facts all_gathered_facts={{ all_gathered_facts | combine(system_resources) }}" time="0.13713288307189941">
			<system-out>{
    &quot;ansible_facts&quot;: {
        &quot;all_gathered_facts&quot;: {
            &quot;build_info&quot;: {
                &quot;built_by&quot;: &quot;ingunawa&quot;,
                &quot;built_host&quot;: &quot;iox-ucs-067&quot;,
                &quot;built_on&quot;: &quot;Mon Jul 25 02:41:45 PDT 2022&quot;,
                &quot;label&quot;: &quot;7.7.1-0&quot;,
                &quot;location&quot;: &quot;/opt/cisco/XR/packages/&quot;,
                &quot;workspace&quot;: &quot;/auto/srcarchive12/prod/7.7.1/xrv9k/ws&quot;
            },
            &quot;hardware&quot;: {
                &quot;processor&quot;: &quot;IOS-XRv 9000 ()&quot;
            },
            &quot;interfaces&quot;: [
                {
                    &quot;enabled&quot;: true,
                    &quot;name&quot;: &quot;MgmtEth0/RP0/CPU0/0&quot;
                },
                {
                    &quot;enabled&quot;: false,
                    &quot;name&quot;: &quot;GigabitEthernet0/0/0/0&quot;
                }
            ],
            &quot;memory_summary&quot;: {
                &quot;app_total&quot;: &quot;6144M&quot;,
                &quot;image_size&quot;: &quot;4M&quot;,
                &quot;physical_total&quot;: &quot;6144M&quot;
            },
            &quot;software_version&quot;: &quot;7.7.1&quot;
        }
    },
    &quot;changed&quot;: false
}</system-out>
		</testcase>
		<testcase classname="out-of-tree:main.yaml:19" name="[ansible-1] reports: network.reports.gather : Debug combined facts var=all_gathered_facts" time="0.1287093162536621">
			<system-out>{
    &quot;all_gathered_facts&quot;: {
        &quot;build_info&quot;: {
            &quot;built_by&quot;: &quot;ingunawa&quot;,
            &quot;built_host&quot;: &quot;iox-ucs-067&quot;,
            &quot;built_on&quot;: &quot;Mon Jul 25 02:41:45 PDT 2022&quot;,
            &quot;label&quot;: &quot;7.7.1-0&quot;,
            &quot;location&quot;: &quot;/opt/cisco/XR/packages/&quot;,
            &quot;workspace&quot;: &quot;/auto/srcarchive12/prod/7.7.1/xrv9k/ws&quot;
        },
        &quot;hardware&quot;: {
            &quot;processor&quot;: &quot;IOS-XRv 9000 ()&quot;
        },
        &quot;interfaces&quot;: [
            {
                &quot;enabled&quot;: true,
                &quot;name&quot;: &quot;MgmtEth0/RP0/CPU0/0&quot;
            },
            {
                &quot;enabled&quot;: false,
                &quot;name&quot;: &quot;GigabitEthernet0/0/0/0&quot;
            }
        ],
        &quot;memory_summary&quot;: {
            &quot;app_total&quot;: &quot;6144M&quot;,
            &quot;image_size&quot;: &quot;4M&quot;,
            &quot;physical_total&quot;: &quot;6144M&quot;
        },
        &quot;software_version&quot;: &quot;7.7.1&quot;
    },
    &quot;changed&quot;: false
}</system-out>
		</testcase>
		<testcase classname="out-of-tree:main.yaml:24" name="[ansible-1] reports: network.reports.gather : Display gathered facts as JSON msg={{ all_gathered_facts | to_json }}" time="0.1358504295349121">
			<system-out>{
    &quot;changed&quot;: false,
    &quot;msg&quot;: &quot;{\&quot;interfaces\&quot;: [{\&quot;name\&quot;: \&quot;MgmtEth0/RP0/CPU0/0\&quot;, \&quot;enabled\&quot;: true}, {\&quot;name\&quot;: \&quot;GigabitEthernet0/0/0/0\&quot;, \&quot;enabled\&quot;: false}], \&quot;software_version\&quot;: \&quot;7.7.1\&quot;, \&quot;build_info\&quot;: {\&quot;built_by\&quot;: \&quot;ingunawa\&quot;, \&quot;built_on\&quot;: \&quot;Mon Jul 25 02:41:45 PDT 2022\&quot;, \&quot;built_host\&quot;: \&quot;iox-ucs-067\&quot;, \&quot;workspace\&quot;: \&quot;/auto/srcarchive12/prod/7.7.1/xrv9k/ws\&quot;, \&quot;location\&quot;: \&quot;/opt/cisco/XR/packages/\&quot;, \&quot;label\&quot;: \&quot;7.7.1-0\&quot;}, \&quot;hardware\&quot;: {\&quot;processor\&quot;: \&quot;IOS-XRv 9000 ()\&quot;}, \&quot;memory_summary\&quot;: {\&quot;physical_total\&quot;: \&quot;6144M\&quot;, \&quot;app_total\&quot;: \&quot;6144M\&quot;, \&quot;image_size\&quot;: \&quot;4M\&quot;}}&quot;
}</system-out>
		</testcase>
		<testcase classname="out-of-tree:main.yaml:29" name="[ansible-1] reports: network.reports.gather : Display gathered facts as XML msg={{ all_gathered_facts | to_nice_yaml }}" time="0.1356492042541504">
			<system-out>{
    &quot;changed&quot;: false,
    &quot;msg&quot;: &quot;build_info:\n    built_by: ingunawa\n    built_host: iox-ucs-067\n    built_on: Mon Jul 25 02:41:45 PDT 2022\n    label: 7.7.1-0\n    location: /opt/cisco/XR/packages/\n    workspace: /auto/srcarchive12/prod/7.7.1/xrv9k/ws\nhardware:\n    processor: IOS-XRv 9000 ()\ninterfaces:\n-   enabled: true\n    name: MgmtEth0/RP0/CPU0/0\n-   enabled: false\n    name: GigabitEthernet0/0/0/0\nmemory_summary:\n    app_total: 6144M\n    image_size: 4M\n    physical_total: 6144M\nsoftware_version: 7.7.1\n&quot;
}</system-out>
		</testcase>
		<testcase classname="tests/integration/targets/reports_gather/tasks/main.yml:16" name="[ansible-1] reports: reports_gather : Verify interfaces data was collected that=['interfaces is defined', 'interfaces | type_debug == &quot;list&quot;'], fail_msg=Interfaces data was not properly gathered, success_msg=Interfaces data was successfully gathered" time="0.07891273498535156">
			<failure message="Interfaces data was not properly gathered" type="failure">{
    &quot;assertion&quot;: &quot;interfaces is defined&quot;,
    &quot;changed&quot;: false,
    &quot;evaluated_to&quot;: false,
    &quot;msg&quot;: &quot;Interfaces data was not properly gathered&quot;
}</failure>
		</testcase>
	</testsuite>
</testsuites>
